CRITICAL - 2026-01-06 15:24:12 --> ErrorException: Undefined variable $kategori
[Method: GET, Route: home]
in APPPATH\Views\index.php on line 19.
 1 APPPATH\Views\index.php(19): CodeIgniter\Debug\Exceptions->errorHandler(2, 'Undefined variable $kategori', 'C:\\Users\\redmibook\\Music\\UKK PRACTICE\\EKSTRAKULIKULER-UKK2\\app\\Views\\index.php', 19)
 2 SYSTEMPATH\View\View.php(226): include('C:\\Users\\redmibook\\Music\\UKK PRACTICE\\EKSTRAKULIKULER-UKK2\\app\\Views\\index.php')
 3 SYSTEMPATH\View\View.php(229): CodeIgniter\View\View->CodeIgniter\View\{closure}()
 4 SYSTEMPATH\Common.php(1199): CodeIgniter\View\View->render('index', [], true)
 5 APPPATH\Controllers\Home.php(20): view('index')
 6 SYSTEMPATH\CodeIgniter.php(933): App\Controllers\Home->index()
 7 SYSTEMPATH\CodeIgniter.php(507): CodeIgniter\CodeIgniter->runController(Object(App\Controllers\Home))
 8 SYSTEMPATH\CodeIgniter.php(354): CodeIgniter\CodeIgniter->handleRequest(null, Object(Config\Cache), false)
 9 SYSTEMPATH\Boot.php(363): CodeIgniter\CodeIgniter->run()
10 SYSTEMPATH\Boot.php(68): CodeIgniter\Boot::runCodeIgniter(Object(CodeIgniter\CodeIgniter))
11 FCPATH\index.php(59): CodeIgniter\Boot::bootWeb(Object(Config\Paths))
12 SYSTEMPATH\rewrite.php(44): require_once('C:\\Users\\redmibook\\Music\\UKK PRACTICE\\EKSTRAKULIKULER-UKK2\\public\\index.php')
CRITICAL - 2026-01-06 15:30:53 --> ErrorException: Undefined variable $tugas
[Method: GET, Route: home]
in APPPATH\Views\index.php on line 15.
 1 APPPATH\Views\index.php(15): CodeIgniter\Debug\Exceptions->errorHandler(2, 'Undefined variable $tugas', 'C:\\Users\\redmibook\\Music\\UKK PRACTICE\\EKSTRAKULIKULER-UKK2\\app\\Views\\index.php', 15)
 2 SYSTEMPATH\View\View.php(226): include('C:\\Users\\redmibook\\Music\\UKK PRACTICE\\EKSTRAKULIKULER-UKK2\\app\\Views\\index.php')
 3 SYSTEMPATH\View\View.php(229): CodeIgniter\View\View->CodeIgniter\View\{closure}()
 4 SYSTEMPATH\Common.php(1199): CodeIgniter\View\View->render('index', [], true)
 5 APPPATH\Controllers\Home.php(20): view('index')
 6 SYSTEMPATH\CodeIgniter.php(933): App\Controllers\Home->index()
 7 SYSTEMPATH\CodeIgniter.php(507): CodeIgniter\CodeIgniter->runController(Object(App\Controllers\Home))
 8 SYSTEMPATH\CodeIgniter.php(354): CodeIgniter\CodeIgniter->handleRequest(null, Object(Config\Cache), false)
 9 SYSTEMPATH\Boot.php(363): CodeIgniter\CodeIgniter->run()
10 SYSTEMPATH\Boot.php(68): CodeIgniter\Boot::runCodeIgniter(Object(CodeIgniter\CodeIgniter))
11 FCPATH\index.php(59): CodeIgniter\Boot::bootWeb(Object(Config\Paths))
12 SYSTEMPATH\rewrite.php(44): require_once('C:\\Users\\redmibook\\Music\\UKK PRACTICE\\EKSTRAKULIKULER-UKK2\\public\\index.php')
CRITICAL - 2026-01-06 15:31:31 --> ErrorException: Undefined variable $t
[Method: GET, Route: home]
in APPPATH\Views\index.php on line 35.
 1 APPPATH\Views\index.php(35): CodeIgniter\Debug\Exceptions->errorHandler(2, 'Undefined variable $t', 'C:\\Users\\redmibook\\Music\\UKK PRACTICE\\EKSTRAKULIKULER-UKK2\\app\\Views\\index.php', 35)
 2 SYSTEMPATH\View\View.php(226): include('C:\\Users\\redmibook\\Music\\UKK PRACTICE\\EKSTRAKULIKULER-UKK2\\app\\Views\\index.php')
 3 SYSTEMPATH\View\View.php(229): CodeIgniter\View\View->CodeIgniter\View\{closure}()
 4 SYSTEMPATH\Common.php(1199): CodeIgniter\View\View->render('index', [], true)
 5 APPPATH\Controllers\Home.php(20): view('index')
 6 SYSTEMPATH\CodeIgniter.php(933): App\Controllers\Home->index()
 7 SYSTEMPATH\CodeIgniter.php(507): CodeIgniter\CodeIgniter->runController(Object(App\Controllers\Home))
 8 SYSTEMPATH\CodeIgniter.php(354): CodeIgniter\CodeIgniter->handleRequest(null, Object(Config\Cache), false)
 9 SYSTEMPATH\Boot.php(363): CodeIgniter\CodeIgniter->run()
10 SYSTEMPATH\Boot.php(68): CodeIgniter\Boot::runCodeIgniter(Object(CodeIgniter\CodeIgniter))
11 FCPATH\index.php(59): CodeIgniter\Boot::bootWeb(Object(Config\Paths))
12 SYSTEMPATH\rewrite.php(44): require_once('C:\\Users\\redmibook\\Music\\UKK PRACTICE\\EKSTRAKULIKULER-UKK2\\public\\index.php')
CRITICAL - 2026-01-06 15:44:32 --> ErrorException: Undefined variable $produk
[Method: GET, Route: tampildata]
in APPPATH\Views\tampildata.php on line 49.
 1 APPPATH\Views\tampildata.php(49): CodeIgniter\Debug\Exceptions->errorHandler(2, 'Undefined variable $produk', 'C:\\Users\\redmibook\\Music\\UKK PRACTICE\\EKSTRAKULIKULER-UKK2\\app\\Views\\tampildata.php', 49)
 2 SYSTEMPATH\View\View.php(226): include('C:\\Users\\redmibook\\Music\\UKK PRACTICE\\EKSTRAKULIKULER-UKK2\\app\\Views\\tampildata.php')
 3 SYSTEMPATH\View\View.php(229): CodeIgniter\View\View->CodeIgniter\View\{closure}()
 4 SYSTEMPATH\Common.php(1199): CodeIgniter\View\View->render('tampildata', [], true)
 5 APPPATH\Controllers\Home.php(34): view('tampildata', [...])
 6 SYSTEMPATH\CodeIgniter.php(933): App\Controllers\Home->tampildata()
 7 SYSTEMPATH\CodeIgniter.php(507): CodeIgniter\CodeIgniter->runController(Object(App\Controllers\Home))
 8 SYSTEMPATH\CodeIgniter.php(354): CodeIgniter\CodeIgniter->handleRequest(null, Object(Config\Cache), false)
 9 SYSTEMPATH\Boot.php(363): CodeIgniter\CodeIgniter->run()
10 SYSTEMPATH\Boot.php(68): CodeIgniter\Boot::runCodeIgniter(Object(CodeIgniter\CodeIgniter))
11 FCPATH\index.php(59): CodeIgniter\Boot::bootWeb(Object(Config\Paths))
12 SYSTEMPATH\rewrite.php(44): require_once('C:\\Users\\redmibook\\Music\\UKK PRACTICE\\EKSTRAKULIKULER-UKK2\\public\\index.php')
CRITICAL - 2026-01-06 15:48:19 --> ErrorException: foreach() argument must be of type array|object, null given
[Method: GET, Route: tampildata]
in APPPATH\Views\tampildata.php on line 45.
 1 APPPATH\Views\tampildata.php(45): CodeIgniter\Debug\Exceptions->errorHandler(2, 'foreach() argument must be of type array|object, null given', 'C:\\Users\\redmibook\\Music\\UKK PRACTICE\\EKSTRAKULIKULER-UKK2\\app\\Views\\tampildata.php', 45)
 2 SYSTEMPATH\View\View.php(226): include('C:\\Users\\redmibook\\Music\\UKK PRACTICE\\EKSTRAKULIKULER-UKK2\\app\\Views\\tampildata.php')
 3 SYSTEMPATH\View\View.php(229): CodeIgniter\View\View->CodeIgniter\View\{closure}()
 4 SYSTEMPATH\Common.php(1199): CodeIgniter\View\View->render('tampildata', [], true)
 5 APPPATH\Controllers\Home.php(34): view('tampildata', [...])
 6 SYSTEMPATH\CodeIgniter.php(933): App\Controllers\Home->tampildata()
 7 SYSTEMPATH\CodeIgniter.php(507): CodeIgniter\CodeIgniter->runController(Object(App\Controllers\Home))
 8 SYSTEMPATH\CodeIgniter.php(354): CodeIgniter\CodeIgniter->handleRequest(null, Object(Config\Cache), false)
 9 SYSTEMPATH\Boot.php(363): CodeIgniter\CodeIgniter->run()
10 SYSTEMPATH\Boot.php(68): CodeIgniter\Boot::runCodeIgniter(Object(CodeIgniter\CodeIgniter))
11 FCPATH\index.php(59): CodeIgniter\Boot::bootWeb(Object(Config\Paths))
12 SYSTEMPATH\rewrite.php(44): require_once('C:\\Users\\redmibook\\Music\\UKK PRACTICE\\EKSTRAKULIKULER-UKK2\\public\\index.php')
CRITICAL - 2026-01-06 16:03:28 --> ErrorException: Undefined variable $kategori
[Method: GET, Route: formdata]
in APPPATH\Views\inputdatas.php on line 43.
 1 APPPATH\Views\inputdatas.php(43): CodeIgniter\Debug\Exceptions->errorHandler(2, 'Undefined variable $kategori', 'C:\\Users\\redmibook\\Music\\UKK PRACTICE\\EKSTRAKULIKULER-UKK2\\app\\Views\\inputdatas.php', 43)
 2 SYSTEMPATH\View\View.php(226): include('C:\\Users\\redmibook\\Music\\UKK PRACTICE\\EKSTRAKULIKULER-UKK2\\app\\Views\\inputdatas.php')
 3 SYSTEMPATH\View\View.php(229): CodeIgniter\View\View->CodeIgniter\View\{closure}()
 4 SYSTEMPATH\Common.php(1199): CodeIgniter\View\View->render('inputdatas', [], true)
 5 APPPATH\Controllers\Home.php(47): view('inputdatas')
 6 SYSTEMPATH\CodeIgniter.php(933): App\Controllers\Home->formdatas()
 7 SYSTEMPATH\CodeIgniter.php(507): CodeIgniter\CodeIgniter->runController(Object(App\Controllers\Home))
 8 SYSTEMPATH\CodeIgniter.php(354): CodeIgniter\CodeIgniter->handleRequest(null, Object(Config\Cache), false)
 9 SYSTEMPATH\Boot.php(363): CodeIgniter\CodeIgniter->run()
10 SYSTEMPATH\Boot.php(68): CodeIgniter\Boot::runCodeIgniter(Object(CodeIgniter\CodeIgniter))
11 FCPATH\index.php(59): CodeIgniter\Boot::bootWeb(Object(Config\Paths))
12 SYSTEMPATH\rewrite.php(44): require_once('C:\\Users\\redmibook\\Music\\UKK PRACTICE\\EKSTRAKULIKULER-UKK2\\public\\index.php')
CRITICAL - 2026-01-06 16:04:58 --> ErrorException: Undefined variable $kategori
[Method: GET, Route: formdata]
in APPPATH\Views\inputdatas.php on line 43.
 1 APPPATH\Views\inputdatas.php(43): CodeIgniter\Debug\Exceptions->errorHandler(2, 'Undefined variable $kategori', 'C:\\Users\\redmibook\\Music\\UKK PRACTICE\\EKSTRAKULIKULER-UKK2\\app\\Views\\inputdatas.php', 43)
 2 SYSTEMPATH\View\View.php(226): include('C:\\Users\\redmibook\\Music\\UKK PRACTICE\\EKSTRAKULIKULER-UKK2\\app\\Views\\inputdatas.php')
 3 SYSTEMPATH\View\View.php(229): CodeIgniter\View\View->CodeIgniter\View\{closure}()
 4 SYSTEMPATH\Common.php(1199): CodeIgniter\View\View->render('inputdatas', [], true)
 5 APPPATH\Controllers\Home.php(47): view('inputdatas')
 6 SYSTEMPATH\CodeIgniter.php(933): App\Controllers\Home->formdatas()
 7 SYSTEMPATH\CodeIgniter.php(507): CodeIgniter\CodeIgniter->runController(Object(App\Controllers\Home))
 8 SYSTEMPATH\CodeIgniter.php(354): CodeIgniter\CodeIgniter->handleRequest(null, Object(Config\Cache), false)
 9 SYSTEMPATH\Boot.php(363): CodeIgniter\CodeIgniter->run()
10 SYSTEMPATH\Boot.php(68): CodeIgniter\Boot::runCodeIgniter(Object(CodeIgniter\CodeIgniter))
11 FCPATH\index.php(59): CodeIgniter\Boot::bootWeb(Object(Config\Paths))
12 SYSTEMPATH\rewrite.php(44): require_once('C:\\Users\\redmibook\\Music\\UKK PRACTICE\\EKSTRAKULIKULER-UKK2\\public\\index.php')
CRITICAL - 2026-01-06 16:27:02 --> ErrorException: Undefined variable $child
[Method: GET, Route: edituser/27]
in APPPATH\Views\euser.php on line 13.
 1 APPPATH\Views\euser.php(13): CodeIgniter\Debug\Exceptions->errorHandler(2, 'Undefined variable $child', 'C:\\Users\\redmibook\\Music\\UKK PRACTICE\\EKSTRAKULIKULER-UKK2\\app\\Views\\euser.php', 13)
 2 SYSTEMPATH\View\View.php(226): include('C:\\Users\\redmibook\\Music\\UKK PRACTICE\\EKSTRAKULIKULER-UKK2\\app\\Views\\euser.php')
 3 SYSTEMPATH\View\View.php(229): CodeIgniter\View\View->CodeIgniter\View\{closure}()
 4 SYSTEMPATH\Common.php(1199): CodeIgniter\View\View->render('euser', [], true)
 5 APPPATH\Controllers\User.php(31): view('euser', [...])
 6 SYSTEMPATH\CodeIgniter.php(933): App\Controllers\User->editview('27')
 7 SYSTEMPATH\CodeIgniter.php(507): CodeIgniter\CodeIgniter->runController(Object(App\Controllers\User))
 8 SYSTEMPATH\CodeIgniter.php(354): CodeIgniter\CodeIgniter->handleRequest(null, Object(Config\Cache), false)
 9 SYSTEMPATH\Boot.php(363): CodeIgniter\CodeIgniter->run()
10 SYSTEMPATH\Boot.php(68): CodeIgniter\Boot::runCodeIgniter(Object(CodeIgniter\CodeIgniter))
11 FCPATH\index.php(59): CodeIgniter\Boot::bootWeb(Object(Config\Paths))
12 SYSTEMPATH\rewrite.php(44): require_once('C:\\Users\\redmibook\\Music\\UKK PRACTICE\\EKSTRAKULIKULER-UKK2\\public\\index.php')
CRITICAL - 2026-01-06 17:02:38 --> ErrorException: Undefined variable $level
[Method: GET, Route: tampildata]
in APPPATH\Views\tampildata.php on line 99.
 1 APPPATH\Views\tampildata.php(99): CodeIgniter\Debug\Exceptions->errorHandler(2, 'Undefined variable $level', 'C:\\Users\\redmibook\\Music\\UKK PRACTICE\\EKSTRAKULIKULER-UKK2\\app\\Views\\tampildata.php', 99)
 2 SYSTEMPATH\View\View.php(226): include('C:\\Users\\redmibook\\Music\\UKK PRACTICE\\EKSTRAKULIKULER-UKK2\\app\\Views\\tampildata.php')
 3 SYSTEMPATH\View\View.php(229): CodeIgniter\View\View->CodeIgniter\View\{closure}()
 4 SYSTEMPATH\Common.php(1199): CodeIgniter\View\View->render('tampildata', [], true)
 5 APPPATH\Controllers\Home.php(34): view('tampildata', [...])
 6 SYSTEMPATH\CodeIgniter.php(933): App\Controllers\Home->tampildata()
 7 SYSTEMPATH\CodeIgniter.php(507): CodeIgniter\CodeIgniter->runController(Object(App\Controllers\Home))
 8 SYSTEMPATH\CodeIgniter.php(354): CodeIgniter\CodeIgniter->handleRequest(null, Object(Config\Cache), false)
 9 SYSTEMPATH\Boot.php(363): CodeIgniter\CodeIgniter->run()
10 SYSTEMPATH\Boot.php(68): CodeIgniter\Boot::runCodeIgniter(Object(CodeIgniter\CodeIgniter))
11 FCPATH\index.php(59): CodeIgniter\Boot::bootWeb(Object(Config\Paths))
12 SYSTEMPATH\rewrite.php(44): require_once('C:\\Users\\redmibook\\Music\\UKK PRACTICE\\EKSTRAKULIKULER-UKK2\\public\\index.php')
ERROR - 2026-01-06 17:08:39 --> mysqli_sql_exception: Column 'nama_level' cannot be null in C:\Users\redmibook\Music\UKK PRACTICE\EKSTRAKULIKULER-UKK2\system\Database\MySQLi\Connection.php:327
Stack trace:
#0 C:\Users\redmibook\Music\UKK PRACTICE\EKSTRAKULIKULER-UKK2\system\Database\MySQLi\Connection.php(327): mysqli->query('INSERT INTO `le...', 0)
#1 C:\Users\redmibook\Music\UKK PRACTICE\EKSTRAKULIKULER-UKK2\system\Database\BaseConnection.php(729): CodeIgniter\Database\MySQLi\Connection->execute('INSERT INTO `le...')
#2 C:\Users\redmibook\Music\UKK PRACTICE\EKSTRAKULIKULER-UKK2\system\Database\BaseConnection.php(646): CodeIgniter\Database\BaseConnection->simpleQuery('INSERT INTO `le...')
#3 C:\Users\redmibook\Music\UKK PRACTICE\EKSTRAKULIKULER-UKK2\system\Database\BaseBuilder.php(2345): CodeIgniter\Database\BaseConnection->query('INSERT INTO `le...', Array, false)
#4 C:\Users\redmibook\Music\UKK PRACTICE\EKSTRAKULIKULER-UKK2\system\Model.php(394): CodeIgniter\Database\BaseBuilder->insert()
#5 C:\Users\redmibook\Music\UKK PRACTICE\EKSTRAKULIKULER-UKK2\system\BaseModel.php(838): CodeIgniter\Model->doInsert(Array)
#6 C:\Users\redmibook\Music\UKK PRACTICE\EKSTRAKULIKULER-UKK2\system\Model.php(797): CodeIgniter\BaseModel->insert(Array, true)
#7 C:\Users\redmibook\Music\UKK PRACTICE\EKSTRAKULIKULER-UKK2\app\Controllers\Level.php(17): CodeIgniter\Model->insert(Array)
#8 C:\Users\redmibook\Music\UKK PRACTICE\EKSTRAKULIKULER-UKK2\system\CodeIgniter.php(933): App\Controllers\Level->input()
#9 C:\Users\redmibook\Music\UKK PRACTICE\EKSTRAKULIKULER-UKK2\system\CodeIgniter.php(507): CodeIgniter\CodeIgniter->runController(Object(App\Controllers\Level))
#10 C:\Users\redmibook\Music\UKK PRACTICE\EKSTRAKULIKULER-UKK2\system\CodeIgniter.php(354): CodeIgniter\CodeIgniter->handleRequest(NULL, Object(Config\Cache), false)
#11 C:\Users\redmibook\Music\UKK PRACTICE\EKSTRAKULIKULER-UKK2\system\Boot.php(363): CodeIgniter\CodeIgniter->run()
#12 C:\Users\redmibook\Music\UKK PRACTICE\EKSTRAKULIKULER-UKK2\system\Boot.php(68): CodeIgniter\Boot::runCodeIgniter(Object(CodeIgniter\CodeIgniter))
#13 C:\Users\redmibook\Music\UKK PRACTICE\EKSTRAKULIKULER-UKK2\public\index.php(59): CodeIgniter\Boot::bootWeb(Object(Config\Paths))
#14 C:\Users\redmibook\Music\UKK PRACTICE\EKSTRAKULIKULER-UKK2\system\rewrite.php(44): require_once('C:\\Users\\redmib...')
#15 {main}
CRITICAL - 2026-01-06 17:08:39 --> CodeIgniter\Database\Exceptions\DatabaseException: Column 'nama_level' cannot be null
[Method: POST, Route: inputlevel]
in SYSTEMPATH\Database\BaseConnection.php on line 684.
 1 SYSTEMPATH\Database\BaseBuilder.php(2345): CodeIgniter\Database\BaseConnection->query('INSERT INTO `level` (`nama_level`) VALUES (:nama_level:)', [...], false)
 2 SYSTEMPATH\Model.php(394): CodeIgniter\Database\BaseBuilder->insert()
 3 SYSTEMPATH\BaseModel.php(838): CodeIgniter\Model->doInsert([...])
 4 SYSTEMPATH\Model.php(797): CodeIgniter\BaseModel->insert([...], true)
 5 APPPATH\Controllers\Level.php(17): CodeIgniter\Model->insert([...])
 6 SYSTEMPATH\CodeIgniter.php(933): App\Controllers\Level->input()
 7 SYSTEMPATH\CodeIgniter.php(507): CodeIgniter\CodeIgniter->runController(Object(App\Controllers\Level))
 8 SYSTEMPATH\CodeIgniter.php(354): CodeIgniter\CodeIgniter->handleRequest(null, Object(Config\Cache), false)
 9 SYSTEMPATH\Boot.php(363): CodeIgniter\CodeIgniter->run()
10 SYSTEMPATH\Boot.php(68): CodeIgniter\Boot::runCodeIgniter(Object(CodeIgniter\CodeIgniter))
11 FCPATH\index.php(59): CodeIgniter\Boot::bootWeb(Object(Config\Paths))
12 SYSTEMPATH\rewrite.php(44): require_once('C:\\Users\\redmibook\\Music\\UKK PRACTICE\\EKSTRAKULIKULER-UKK2\\public\\index.php')
CRITICAL - 2026-01-06 17:08:39 --> [Caused by] CodeIgniter\Database\Exceptions\DatabaseException: Column 'nama_level' cannot be null
in SYSTEMPATH\Database\MySQLi\Connection.php on line 332.
 1 SYSTEMPATH\Database\BaseConnection.php(729): CodeIgniter\Database\MySQLi\Connection->execute('INSERT INTO `level` (`nama_level`) VALUES (NULL)')
 2 SYSTEMPATH\Database\BaseConnection.php(646): CodeIgniter\Database\BaseConnection->simpleQuery('INSERT INTO `level` (`nama_level`) VALUES (NULL)')
 3 SYSTEMPATH\Database\BaseBuilder.php(2345): CodeIgniter\Database\BaseConnection->query('INSERT INTO `level` (`nama_level`) VALUES (:nama_level:)', [...], false)
 4 SYSTEMPATH\Model.php(394): CodeIgniter\Database\BaseBuilder->insert()
 5 SYSTEMPATH\BaseModel.php(838): CodeIgniter\Model->doInsert([...])
 6 SYSTEMPATH\Model.php(797): CodeIgniter\BaseModel->insert([...], true)
 7 APPPATH\Controllers\Level.php(17): CodeIgniter\Model->insert([...])
 8 SYSTEMPATH\CodeIgniter.php(933): App\Controllers\Level->input()
 9 SYSTEMPATH\CodeIgniter.php(507): CodeIgniter\CodeIgniter->runController(Object(App\Controllers\Level))
10 SYSTEMPATH\CodeIgniter.php(354): CodeIgniter\CodeIgniter->handleRequest(null, Object(Config\Cache), false)
11 SYSTEMPATH\Boot.php(363): CodeIgniter\CodeIgniter->run()
12 SYSTEMPATH\Boot.php(68): CodeIgniter\Boot::runCodeIgniter(Object(CodeIgniter\CodeIgniter))
13 FCPATH\index.php(59): CodeIgniter\Boot::bootWeb(Object(Config\Paths))
14 SYSTEMPATH\rewrite.php(44): require_once('C:\\Users\\redmibook\\Music\\UKK PRACTICE\\EKSTRAKULIKULER-UKK2\\public\\index.php')
CRITICAL - 2026-01-06 17:08:39 --> [Caused by] mysqli_sql_exception: Column 'nama_level' cannot be null
in SYSTEMPATH\Database\MySQLi\Connection.php on line 327.
 1 SYSTEMPATH\Database\MySQLi\Connection.php(327): mysqli->query('INSERT INTO `level` (`nama_level`) VALUES (NULL)', 0)
 2 SYSTEMPATH\Database\BaseConnection.php(729): CodeIgniter\Database\MySQLi\Connection->execute('INSERT INTO `level` (`nama_level`) VALUES (NULL)')
 3 SYSTEMPATH\Database\BaseConnection.php(646): CodeIgniter\Database\BaseConnection->simpleQuery('INSERT INTO `level` (`nama_level`) VALUES (NULL)')
 4 SYSTEMPATH\Database\BaseBuilder.php(2345): CodeIgniter\Database\BaseConnection->query('INSERT INTO `level` (`nama_level`) VALUES (:nama_level:)', [...], false)
 5 SYSTEMPATH\Model.php(394): CodeIgniter\Database\BaseBuilder->insert()
 6 SYSTEMPATH\BaseModel.php(838): CodeIgniter\Model->doInsert([...])
 7 SYSTEMPATH\Model.php(797): CodeIgniter\BaseModel->insert([...], true)
 8 APPPATH\Controllers\Level.php(17): CodeIgniter\Model->insert([...])
 9 SYSTEMPATH\CodeIgniter.php(933): App\Controllers\Level->input()
10 SYSTEMPATH\CodeIgniter.php(507): CodeIgniter\CodeIgniter->runController(Object(App\Controllers\Level))
11 SYSTEMPATH\CodeIgniter.php(354): CodeIgniter\CodeIgniter->handleRequest(null, Object(Config\Cache), false)
12 SYSTEMPATH\Boot.php(363): CodeIgniter\CodeIgniter->run()
13 SYSTEMPATH\Boot.php(68): CodeIgniter\Boot::runCodeIgniter(Object(CodeIgniter\CodeIgniter))
14 FCPATH\index.php(59): CodeIgniter\Boot::bootWeb(Object(Config\Paths))
15 SYSTEMPATH\rewrite.php(44): require_once('C:\\Users\\redmibook\\Music\\UKK PRACTICE\\EKSTRAKULIKULER-UKK2\\public\\index.php')
CRITICAL - 2026-01-06 17:09:16 --> CodeIgniter\View\Exceptions\ViewException: Invalid file: "elevel.php"
[Method: GET, Route: editlevel/3]
in SYSTEMPATH\Exceptions\FrameworkException.php on line 39.
 1 SYSTEMPATH\View\View.php(214): CodeIgniter\Exceptions\FrameworkException::forInvalidFile('elevel.php')
 2 SYSTEMPATH\Common.php(1199): CodeIgniter\View\View->render('elevel', [], true)
 3 APPPATH\Controllers\Level.php(28): view('elevel', [...])
 4 SYSTEMPATH\CodeIgniter.php(933): App\Controllers\Level->editview('3')
 5 SYSTEMPATH\CodeIgniter.php(507): CodeIgniter\CodeIgniter->runController(Object(App\Controllers\Level))
 6 SYSTEMPATH\CodeIgniter.php(354): CodeIgniter\CodeIgniter->handleRequest(null, Object(Config\Cache), false)
 7 SYSTEMPATH\Boot.php(363): CodeIgniter\CodeIgniter->run()
 8 SYSTEMPATH\Boot.php(68): CodeIgniter\Boot::runCodeIgniter(Object(CodeIgniter\CodeIgniter))
 9 FCPATH\index.php(59): CodeIgniter\Boot::bootWeb(Object(Config\Paths))
10 SYSTEMPATH\rewrite.php(44): require_once('C:\\Users\\redmibook\\Music\\UKK PRACTICE\\EKSTRAKULIKULER-UKK2\\public\\index.php')
CRITICAL - 2026-01-06 17:10:22 --> ErrorException: Undefined variable $user
[Method: GET, Route: editlevel/3]
in APPPATH\Views\elevel.php on line 13.
 1 APPPATH\Views\elevel.php(13): CodeIgniter\Debug\Exceptions->errorHandler(2, 'Undefined variable $user', 'C:\\Users\\redmibook\\Music\\UKK PRACTICE\\EKSTRAKULIKULER-UKK2\\app\\Views\\elevel.php', 13)
 2 SYSTEMPATH\View\View.php(226): include('C:\\Users\\redmibook\\Music\\UKK PRACTICE\\EKSTRAKULIKULER-UKK2\\app\\Views\\elevel.php')
 3 SYSTEMPATH\View\View.php(229): CodeIgniter\View\View->CodeIgniter\View\{closure}()
 4 SYSTEMPATH\Common.php(1199): CodeIgniter\View\View->render('elevel', [], true)
 5 APPPATH\Controllers\Level.php(28): view('elevel', [...])
 6 SYSTEMPATH\CodeIgniter.php(933): App\Controllers\Level->editview('3')
 7 SYSTEMPATH\CodeIgniter.php(507): CodeIgniter\CodeIgniter->runController(Object(App\Controllers\Level))
 8 SYSTEMPATH\CodeIgniter.php(354): CodeIgniter\CodeIgniter->handleRequest(null, Object(Config\Cache), false)
 9 SYSTEMPATH\Boot.php(363): CodeIgniter\CodeIgniter->run()
10 SYSTEMPATH\Boot.php(68): CodeIgniter\Boot::runCodeIgniter(Object(CodeIgniter\CodeIgniter))
11 FCPATH\index.php(59): CodeIgniter\Boot::bootWeb(Object(Config\Paths))
12 SYSTEMPATH\rewrite.php(44): require_once('C:\\Users\\redmibook\\Music\\UKK PRACTICE\\EKSTRAKULIKULER-UKK2\\public\\index.php')
