ERROR - 2026-01-20 06:21:00 --> mysqli_sql_exception: Table 'bullying.ekskul' doesn't exist in C:\Users\User\Documents\Budi Susanto UKK\pengaduan-ukk6\system\Database\MySQLi\Connection.php:327
Stack trace:
#0 C:\Users\User\Documents\Budi Susanto UKK\pengaduan-ukk6\system\Database\MySQLi\Connection.php(327): mysqli->query('SELECT `ekskul`...', 0)
#1 C:\Users\User\Documents\Budi Susanto UKK\pengaduan-ukk6\system\Database\BaseConnection.php(729): CodeIgniter\Database\MySQLi\Connection->execute('SELECT `ekskul`...')
#2 C:\Users\User\Documents\Budi Susanto UKK\pengaduan-ukk6\system\Database\BaseConnection.php(646): CodeIgniter\Database\BaseConnection->simpleQuery('SELECT `ekskul`...')
#3 C:\Users\User\Documents\Budi Susanto UKK\pengaduan-ukk6\system\Database\BaseBuilder.php(1649): CodeIgniter\Database\BaseConnection->query('SELECT `ekskul`...', Array, false)
#4 C:\Users\User\Documents\Budi Susanto UKK\pengaduan-ukk6\app\Models\M_ekskul.php(27): CodeIgniter\Database\BaseBuilder->get()
#5 C:\Users\User\Documents\Budi Susanto UKK\pengaduan-ukk6\app\Controllers\Home.php(58): App\Models\M_ekskul->EkskulData()
#6 C:\Users\User\Documents\Budi Susanto UKK\pengaduan-ukk6\system\CodeIgniter.php(933): App\Controllers\Home->tampildata()
#7 C:\Users\User\Documents\Budi Susanto UKK\pengaduan-ukk6\system\CodeIgniter.php(507): CodeIgniter\CodeIgniter->runController(Object(App\Controllers\Home))
#8 C:\Users\User\Documents\Budi Susanto UKK\pengaduan-ukk6\system\CodeIgniter.php(354): CodeIgniter\CodeIgniter->handleRequest(NULL, Object(Config\Cache), false)
#9 C:\Users\User\Documents\Budi Susanto UKK\pengaduan-ukk6\system\Boot.php(363): CodeIgniter\CodeIgniter->run()
#10 C:\Users\User\Documents\Budi Susanto UKK\pengaduan-ukk6\system\Boot.php(68): CodeIgniter\Boot::runCodeIgniter(Object(CodeIgniter\CodeIgniter))
#11 C:\Users\User\Documents\Budi Susanto UKK\pengaduan-ukk6\public\index.php(59): CodeIgniter\Boot::bootWeb(Object(Config\Paths))
#12 C:\Users\User\Documents\Budi Susanto UKK\pengaduan-ukk6\system\rewrite.php(44): require_once('C:\\Users\\User\\D...')
#13 {main}
CRITICAL - 2026-01-20 06:21:00 --> CodeIgniter\Database\Exceptions\DatabaseException: Table 'bullying.ekskul' doesn't exist
[Method: GET, Route: tampildata]
in SYSTEMPATH\Database\BaseConnection.php on line 684.
 1 SYSTEMPATH\Database\BaseBuilder.php(1649): CodeIgniter\Database\BaseConnection->query('SELECT `ekskul`.*, `guru`.`nama_guru`
FROM `ekskul`
JOIN `guru` ON `guru`.`id_guru` = `ekskul`.`id_instruktur`', [], false)
 2 APPPATH\Models\M_ekskul.php(27): CodeIgniter\Database\BaseBuilder->get()
 3 APPPATH\Controllers\Home.php(58): App\Models\M_ekskul->EkskulData()
 4 SYSTEMPATH\CodeIgniter.php(933): App\Controllers\Home->tampildata()
 5 SYSTEMPATH\CodeIgniter.php(507): CodeIgniter\CodeIgniter->runController(Object(App\Controllers\Home))
 6 SYSTEMPATH\CodeIgniter.php(354): CodeIgniter\CodeIgniter->handleRequest(null, Object(Config\Cache), false)
 7 SYSTEMPATH\Boot.php(363): CodeIgniter\CodeIgniter->run()
 8 SYSTEMPATH\Boot.php(68): CodeIgniter\Boot::runCodeIgniter(Object(CodeIgniter\CodeIgniter))
 9 FCPATH\index.php(59): CodeIgniter\Boot::bootWeb(Object(Config\Paths))
10 SYSTEMPATH\rewrite.php(44): require_once('C:\\Users\\User\\Documents\\Budi Susanto UKK\\pengaduan-ukk6\\public\\index.php')
CRITICAL - 2026-01-20 06:21:00 --> [Caused by] CodeIgniter\Database\Exceptions\DatabaseException: Table 'bullying.ekskul' doesn't exist
in SYSTEMPATH\Database\MySQLi\Connection.php on line 332.
 1 SYSTEMPATH\Database\BaseConnection.php(729): CodeIgniter\Database\MySQLi\Connection->execute('SELECT `ekskul`.*, `guru`.`nama_guru`
FROM `ekskul`
JOIN `guru` ON `guru`.`id_guru` = `ekskul`.`id_instruktur`')
 2 SYSTEMPATH\Database\BaseConnection.php(646): CodeIgniter\Database\BaseConnection->simpleQuery('SELECT `ekskul`.*, `guru`.`nama_guru`
FROM `ekskul`
JOIN `guru` ON `guru`.`id_guru` = `ekskul`.`id_instruktur`')
 3 SYSTEMPATH\Database\BaseBuilder.php(1649): CodeIgniter\Database\BaseConnection->query('SELECT `ekskul`.*, `guru`.`nama_guru`
FROM `ekskul`
JOIN `guru` ON `guru`.`id_guru` = `ekskul`.`id_instruktur`', [], false)
 4 APPPATH\Models\M_ekskul.php(27): CodeIgniter\Database\BaseBuilder->get()
 5 APPPATH\Controllers\Home.php(58): App\Models\M_ekskul->EkskulData()
 6 SYSTEMPATH\CodeIgniter.php(933): App\Controllers\Home->tampildata()
 7 SYSTEMPATH\CodeIgniter.php(507): CodeIgniter\CodeIgniter->runController(Object(App\Controllers\Home))
 8 SYSTEMPATH\CodeIgniter.php(354): CodeIgniter\CodeIgniter->handleRequest(null, Object(Config\Cache), false)
 9 SYSTEMPATH\Boot.php(363): CodeIgniter\CodeIgniter->run()
10 SYSTEMPATH\Boot.php(68): CodeIgniter\Boot::runCodeIgniter(Object(CodeIgniter\CodeIgniter))
11 FCPATH\index.php(59): CodeIgniter\Boot::bootWeb(Object(Config\Paths))
12 SYSTEMPATH\rewrite.php(44): require_once('C:\\Users\\User\\Documents\\Budi Susanto UKK\\pengaduan-ukk6\\public\\index.php')
CRITICAL - 2026-01-20 06:21:00 --> [Caused by] mysqli_sql_exception: Table 'bullying.ekskul' doesn't exist
in SYSTEMPATH\Database\MySQLi\Connection.php on line 327.
 1 SYSTEMPATH\Database\MySQLi\Connection.php(327): mysqli->query('SELECT `ekskul`.*, `guru`.`nama_guru`
FROM `ekskul`
JOIN `guru` ON `guru`.`id_guru` = `ekskul`.`id_instruktur`', 0)
 2 SYSTEMPATH\Database\BaseConnection.php(729): CodeIgniter\Database\MySQLi\Connection->execute('SELECT `ekskul`.*, `guru`.`nama_guru`
FROM `ekskul`
JOIN `guru` ON `guru`.`id_guru` = `ekskul`.`id_instruktur`')
 3 SYSTEMPATH\Database\BaseConnection.php(646): CodeIgniter\Database\BaseConnection->simpleQuery('SELECT `ekskul`.*, `guru`.`nama_guru`
FROM `ekskul`
JOIN `guru` ON `guru`.`id_guru` = `ekskul`.`id_instruktur`')
 4 SYSTEMPATH\Database\BaseBuilder.php(1649): CodeIgniter\Database\BaseConnection->query('SELECT `ekskul`.*, `guru`.`nama_guru`
FROM `ekskul`
JOIN `guru` ON `guru`.`id_guru` = `ekskul`.`id_instruktur`', [], false)
 5 APPPATH\Models\M_ekskul.php(27): CodeIgniter\Database\BaseBuilder->get()
 6 APPPATH\Controllers\Home.php(58): App\Models\M_ekskul->EkskulData()
 7 SYSTEMPATH\CodeIgniter.php(933): App\Controllers\Home->tampildata()
 8 SYSTEMPATH\CodeIgniter.php(507): CodeIgniter\CodeIgniter->runController(Object(App\Controllers\Home))
 9 SYSTEMPATH\CodeIgniter.php(354): CodeIgniter\CodeIgniter->handleRequest(null, Object(Config\Cache), false)
10 SYSTEMPATH\Boot.php(363): CodeIgniter\CodeIgniter->run()
11 SYSTEMPATH\Boot.php(68): CodeIgniter\Boot::runCodeIgniter(Object(CodeIgniter\CodeIgniter))
12 FCPATH\index.php(59): CodeIgniter\Boot::bootWeb(Object(Config\Paths))
13 SYSTEMPATH\rewrite.php(44): require_once('C:\\Users\\User\\Documents\\Budi Susanto UKK\\pengaduan-ukk6\\public\\index.php')
ERROR - 2026-01-20 06:22:28 --> mysqli_sql_exception: Table 'bullying.ekskul' doesn't exist in C:\Users\User\Documents\Budi Susanto UKK\pengaduan-ukk6\system\Database\MySQLi\Connection.php:327
Stack trace:
#0 C:\Users\User\Documents\Budi Susanto UKK\pengaduan-ukk6\system\Database\MySQLi\Connection.php(327): mysqli->query('SELECT `ekskul`...', 0)
#1 C:\Users\User\Documents\Budi Susanto UKK\pengaduan-ukk6\system\Database\BaseConnection.php(729): CodeIgniter\Database\MySQLi\Connection->execute('SELECT `ekskul`...')
#2 C:\Users\User\Documents\Budi Susanto UKK\pengaduan-ukk6\system\Database\BaseConnection.php(646): CodeIgniter\Database\BaseConnection->simpleQuery('SELECT `ekskul`...')
#3 C:\Users\User\Documents\Budi Susanto UKK\pengaduan-ukk6\system\Database\BaseBuilder.php(1649): CodeIgniter\Database\BaseConnection->query('SELECT `ekskul`...', Array, false)
#4 C:\Users\User\Documents\Budi Susanto UKK\pengaduan-ukk6\app\Models\M_ekskul.php(27): CodeIgniter\Database\BaseBuilder->get()
#5 C:\Users\User\Documents\Budi Susanto UKK\pengaduan-ukk6\app\Controllers\Home.php(78): App\Models\M_ekskul->EkskulData()
#6 C:\Users\User\Documents\Budi Susanto UKK\pengaduan-ukk6\system\CodeIgniter.php(933): App\Controllers\Home->formdatas()
#7 C:\Users\User\Documents\Budi Susanto UKK\pengaduan-ukk6\system\CodeIgniter.php(507): CodeIgniter\CodeIgniter->runController(Object(App\Controllers\Home))
#8 C:\Users\User\Documents\Budi Susanto UKK\pengaduan-ukk6\system\CodeIgniter.php(354): CodeIgniter\CodeIgniter->handleRequest(NULL, Object(Config\Cache), false)
#9 C:\Users\User\Documents\Budi Susanto UKK\pengaduan-ukk6\system\Boot.php(363): CodeIgniter\CodeIgniter->run()
#10 C:\Users\User\Documents\Budi Susanto UKK\pengaduan-ukk6\system\Boot.php(68): CodeIgniter\Boot::runCodeIgniter(Object(CodeIgniter\CodeIgniter))
#11 C:\Users\User\Documents\Budi Susanto UKK\pengaduan-ukk6\public\index.php(59): CodeIgniter\Boot::bootWeb(Object(Config\Paths))
#12 C:\Users\User\Documents\Budi Susanto UKK\pengaduan-ukk6\system\rewrite.php(44): require_once('C:\\Users\\User\\D...')
#13 {main}
CRITICAL - 2026-01-20 06:22:28 --> CodeIgniter\Database\Exceptions\DatabaseException: Table 'bullying.ekskul' doesn't exist
[Method: GET, Route: formdata]
in SYSTEMPATH\Database\BaseConnection.php on line 684.
 1 SYSTEMPATH\Database\BaseBuilder.php(1649): CodeIgniter\Database\BaseConnection->query('SELECT `ekskul`.*, `guru`.`nama_guru`
FROM `ekskul`
JOIN `guru` ON `guru`.`id_guru` = `ekskul`.`id_instruktur`', [], false)
 2 APPPATH\Models\M_ekskul.php(27): CodeIgniter\Database\BaseBuilder->get()
 3 APPPATH\Controllers\Home.php(78): App\Models\M_ekskul->EkskulData()
 4 SYSTEMPATH\CodeIgniter.php(933): App\Controllers\Home->formdatas()
 5 SYSTEMPATH\CodeIgniter.php(507): CodeIgniter\CodeIgniter->runController(Object(App\Controllers\Home))
 6 SYSTEMPATH\CodeIgniter.php(354): CodeIgniter\CodeIgniter->handleRequest(null, Object(Config\Cache), false)
 7 SYSTEMPATH\Boot.php(363): CodeIgniter\CodeIgniter->run()
 8 SYSTEMPATH\Boot.php(68): CodeIgniter\Boot::runCodeIgniter(Object(CodeIgniter\CodeIgniter))
 9 FCPATH\index.php(59): CodeIgniter\Boot::bootWeb(Object(Config\Paths))
10 SYSTEMPATH\rewrite.php(44): require_once('C:\\Users\\User\\Documents\\Budi Susanto UKK\\pengaduan-ukk6\\public\\index.php')
CRITICAL - 2026-01-20 06:22:28 --> [Caused by] CodeIgniter\Database\Exceptions\DatabaseException: Table 'bullying.ekskul' doesn't exist
in SYSTEMPATH\Database\MySQLi\Connection.php on line 332.
 1 SYSTEMPATH\Database\BaseConnection.php(729): CodeIgniter\Database\MySQLi\Connection->execute('SELECT `ekskul`.*, `guru`.`nama_guru`
FROM `ekskul`
JOIN `guru` ON `guru`.`id_guru` = `ekskul`.`id_instruktur`')
 2 SYSTEMPATH\Database\BaseConnection.php(646): CodeIgniter\Database\BaseConnection->simpleQuery('SELECT `ekskul`.*, `guru`.`nama_guru`
FROM `ekskul`
JOIN `guru` ON `guru`.`id_guru` = `ekskul`.`id_instruktur`')
 3 SYSTEMPATH\Database\BaseBuilder.php(1649): CodeIgniter\Database\BaseConnection->query('SELECT `ekskul`.*, `guru`.`nama_guru`
FROM `ekskul`
JOIN `guru` ON `guru`.`id_guru` = `ekskul`.`id_instruktur`', [], false)
 4 APPPATH\Models\M_ekskul.php(27): CodeIgniter\Database\BaseBuilder->get()
 5 APPPATH\Controllers\Home.php(78): App\Models\M_ekskul->EkskulData()
 6 SYSTEMPATH\CodeIgniter.php(933): App\Controllers\Home->formdatas()
 7 SYSTEMPATH\CodeIgniter.php(507): CodeIgniter\CodeIgniter->runController(Object(App\Controllers\Home))
 8 SYSTEMPATH\CodeIgniter.php(354): CodeIgniter\CodeIgniter->handleRequest(null, Object(Config\Cache), false)
 9 SYSTEMPATH\Boot.php(363): CodeIgniter\CodeIgniter->run()
10 SYSTEMPATH\Boot.php(68): CodeIgniter\Boot::runCodeIgniter(Object(CodeIgniter\CodeIgniter))
11 FCPATH\index.php(59): CodeIgniter\Boot::bootWeb(Object(Config\Paths))
12 SYSTEMPATH\rewrite.php(44): require_once('C:\\Users\\User\\Documents\\Budi Susanto UKK\\pengaduan-ukk6\\public\\index.php')
CRITICAL - 2026-01-20 06:22:28 --> [Caused by] mysqli_sql_exception: Table 'bullying.ekskul' doesn't exist
in SYSTEMPATH\Database\MySQLi\Connection.php on line 327.
 1 SYSTEMPATH\Database\MySQLi\Connection.php(327): mysqli->query('SELECT `ekskul`.*, `guru`.`nama_guru`
FROM `ekskul`
JOIN `guru` ON `guru`.`id_guru` = `ekskul`.`id_instruktur`', 0)
 2 SYSTEMPATH\Database\BaseConnection.php(729): CodeIgniter\Database\MySQLi\Connection->execute('SELECT `ekskul`.*, `guru`.`nama_guru`
FROM `ekskul`
JOIN `guru` ON `guru`.`id_guru` = `ekskul`.`id_instruktur`')
 3 SYSTEMPATH\Database\BaseConnection.php(646): CodeIgniter\Database\BaseConnection->simpleQuery('SELECT `ekskul`.*, `guru`.`nama_guru`
FROM `ekskul`
JOIN `guru` ON `guru`.`id_guru` = `ekskul`.`id_instruktur`')
 4 SYSTEMPATH\Database\BaseBuilder.php(1649): CodeIgniter\Database\BaseConnection->query('SELECT `ekskul`.*, `guru`.`nama_guru`
FROM `ekskul`
JOIN `guru` ON `guru`.`id_guru` = `ekskul`.`id_instruktur`', [], false)
 5 APPPATH\Models\M_ekskul.php(27): CodeIgniter\Database\BaseBuilder->get()
 6 APPPATH\Controllers\Home.php(78): App\Models\M_ekskul->EkskulData()
 7 SYSTEMPATH\CodeIgniter.php(933): App\Controllers\Home->formdatas()
 8 SYSTEMPATH\CodeIgniter.php(507): CodeIgniter\CodeIgniter->runController(Object(App\Controllers\Home))
 9 SYSTEMPATH\CodeIgniter.php(354): CodeIgniter\CodeIgniter->handleRequest(null, Object(Config\Cache), false)
10 SYSTEMPATH\Boot.php(363): CodeIgniter\CodeIgniter->run()
11 SYSTEMPATH\Boot.php(68): CodeIgniter\Boot::runCodeIgniter(Object(CodeIgniter\CodeIgniter))
12 FCPATH\index.php(59): CodeIgniter\Boot::bootWeb(Object(Config\Paths))
13 SYSTEMPATH\rewrite.php(44): require_once('C:\\Users\\User\\Documents\\Budi Susanto UKK\\pengaduan-ukk6\\public\\index.php')
ERROR - 2026-01-20 06:23:30 --> mysqli_sql_exception: Table 'bullying.pendaftaran_ekskul' doesn't exist in C:\Users\User\Documents\Budi Susanto UKK\pengaduan-ukk6\system\Database\MySQLi\Connection.php:327
Stack trace:
#0 C:\Users\User\Documents\Budi Susanto UKK\pengaduan-ukk6\system\Database\MySQLi\Connection.php(327): mysqli->query('SELECT `pe`.*, ...', 0)
#1 C:\Users\User\Documents\Budi Susanto UKK\pengaduan-ukk6\system\Database\BaseConnection.php(729): CodeIgniter\Database\MySQLi\Connection->execute('SELECT `pe`.*, ...')
#2 C:\Users\User\Documents\Budi Susanto UKK\pengaduan-ukk6\system\Database\BaseConnection.php(646): CodeIgniter\Database\BaseConnection->simpleQuery('SELECT `pe`.*, ...')
#3 C:\Users\User\Documents\Budi Susanto UKK\pengaduan-ukk6\system\Database\BaseBuilder.php(1649): CodeIgniter\Database\BaseConnection->query('SELECT `pe`.*, ...', Array, false)
#4 C:\Users\User\Documents\Budi Susanto UKK\pengaduan-ukk6\app\Models\M_daftar.php(70): CodeIgniter\Database\BaseBuilder->get()
#5 C:\Users\User\Documents\Budi Susanto UKK\pengaduan-ukk6\app\Controllers\Absensi.php(51): App\Models\M_daftar->DaftarDataByRole('1', '1', 'ekskul')
#6 C:\Users\User\Documents\Budi Susanto UKK\pengaduan-ukk6\system\CodeIgniter.php(933): App\Controllers\Absensi->index()
#7 C:\Users\User\Documents\Budi Susanto UKK\pengaduan-ukk6\system\CodeIgniter.php(507): CodeIgniter\CodeIgniter->runController(Object(App\Controllers\Absensi))
#8 C:\Users\User\Documents\Budi Susanto UKK\pengaduan-ukk6\system\CodeIgniter.php(354): CodeIgniter\CodeIgniter->handleRequest(NULL, Object(Config\Cache), false)
#9 C:\Users\User\Documents\Budi Susanto UKK\pengaduan-ukk6\system\Boot.php(363): CodeIgniter\CodeIgniter->run()
#10 C:\Users\User\Documents\Budi Susanto UKK\pengaduan-ukk6\system\Boot.php(68): CodeIgniter\Boot::runCodeIgniter(Object(CodeIgniter\CodeIgniter))
#11 C:\Users\User\Documents\Budi Susanto UKK\pengaduan-ukk6\public\index.php(59): CodeIgniter\Boot::bootWeb(Object(Config\Paths))
#12 C:\Users\User\Documents\Budi Susanto UKK\pengaduan-ukk6\system\rewrite.php(44): require_once('C:\\Users\\User\\D...')
#13 {main}
CRITICAL - 2026-01-20 06:23:30 --> CodeIgniter\Database\Exceptions\DatabaseException: Table 'bullying.pendaftaran_ekskul' doesn't exist
[Method: GET, Route: absensi]
in SYSTEMPATH\Database\BaseConnection.php on line 684.
 1 SYSTEMPATH\Database\BaseBuilder.php(1649): CodeIgniter\Database\BaseConnection->query('SELECT `pe`.*, `siswa`.`nama_siswa`, `ekskul`.`nama_ekskul`
FROM `pendaftaran_ekskul` `pe`
JOIN `siswa` ON `siswa`.`id_siswa` = `pe`.`id_siswa`
JOIN `ekskul` ON `ekskul`.`id_ekskul` = `pe`.`id_ekskul`', [], false)
 2 APPPATH\Models\M_daftar.php(70): CodeIgniter\Database\BaseBuilder->get()
 3 APPPATH\Controllers\Absensi.php(51): App\Models\M_daftar->DaftarDataByRole('1', '1', 'ekskul')
 4 SYSTEMPATH\CodeIgniter.php(933): App\Controllers\Absensi->index()
 5 SYSTEMPATH\CodeIgniter.php(507): CodeIgniter\CodeIgniter->runController(Object(App\Controllers\Absensi))
 6 SYSTEMPATH\CodeIgniter.php(354): CodeIgniter\CodeIgniter->handleRequest(null, Object(Config\Cache), false)
 7 SYSTEMPATH\Boot.php(363): CodeIgniter\CodeIgniter->run()
 8 SYSTEMPATH\Boot.php(68): CodeIgniter\Boot::runCodeIgniter(Object(CodeIgniter\CodeIgniter))
 9 FCPATH\index.php(59): CodeIgniter\Boot::bootWeb(Object(Config\Paths))
10 SYSTEMPATH\rewrite.php(44): require_once('C:\\Users\\User\\Documents\\Budi Susanto UKK\\pengaduan-ukk6\\public\\index.php')
CRITICAL - 2026-01-20 06:23:30 --> [Caused by] CodeIgniter\Database\Exceptions\DatabaseException: Table 'bullying.pendaftaran_ekskul' doesn't exist
in SYSTEMPATH\Database\MySQLi\Connection.php on line 332.
 1 SYSTEMPATH\Database\BaseConnection.php(729): CodeIgniter\Database\MySQLi\Connection->execute('SELECT `pe`.*, `siswa`.`nama_siswa`, `ekskul`.`nama_ekskul`
FROM `pendaftaran_ekskul` `pe`
JOIN `siswa` ON `siswa`.`id_siswa` = `pe`.`id_siswa`
JOIN `ekskul` ON `ekskul`.`id_ekskul` = `pe`.`id_ekskul`')
 2 SYSTEMPATH\Database\BaseConnection.php(646): CodeIgniter\Database\BaseConnection->simpleQuery('SELECT `pe`.*, `siswa`.`nama_siswa`, `ekskul`.`nama_ekskul`
FROM `pendaftaran_ekskul` `pe`
JOIN `siswa` ON `siswa`.`id_siswa` = `pe`.`id_siswa`
JOIN `ekskul` ON `ekskul`.`id_ekskul` = `pe`.`id_ekskul`')
 3 SYSTEMPATH\Database\BaseBuilder.php(1649): CodeIgniter\Database\BaseConnection->query('SELECT `pe`.*, `siswa`.`nama_siswa`, `ekskul`.`nama_ekskul`
FROM `pendaftaran_ekskul` `pe`
JOIN `siswa` ON `siswa`.`id_siswa` = `pe`.`id_siswa`
JOIN `ekskul` ON `ekskul`.`id_ekskul` = `pe`.`id_ekskul`', [], false)
 4 APPPATH\Models\M_daftar.php(70): CodeIgniter\Database\BaseBuilder->get()
 5 APPPATH\Controllers\Absensi.php(51): App\Models\M_daftar->DaftarDataByRole('1', '1', 'ekskul')
 6 SYSTEMPATH\CodeIgniter.php(933): App\Controllers\Absensi->index()
 7 SYSTEMPATH\CodeIgniter.php(507): CodeIgniter\CodeIgniter->runController(Object(App\Controllers\Absensi))
 8 SYSTEMPATH\CodeIgniter.php(354): CodeIgniter\CodeIgniter->handleRequest(null, Object(Config\Cache), false)
 9 SYSTEMPATH\Boot.php(363): CodeIgniter\CodeIgniter->run()
10 SYSTEMPATH\Boot.php(68): CodeIgniter\Boot::runCodeIgniter(Object(CodeIgniter\CodeIgniter))
11 FCPATH\index.php(59): CodeIgniter\Boot::bootWeb(Object(Config\Paths))
12 SYSTEMPATH\rewrite.php(44): require_once('C:\\Users\\User\\Documents\\Budi Susanto UKK\\pengaduan-ukk6\\public\\index.php')
CRITICAL - 2026-01-20 06:23:30 --> [Caused by] mysqli_sql_exception: Table 'bullying.pendaftaran_ekskul' doesn't exist
in SYSTEMPATH\Database\MySQLi\Connection.php on line 327.
 1 SYSTEMPATH\Database\MySQLi\Connection.php(327): mysqli->query('SELECT `pe`.*, `siswa`.`nama_siswa`, `ekskul`.`nama_ekskul`
FROM `pendaftaran_ekskul` `pe`
JOIN `siswa` ON `siswa`.`id_siswa` = `pe`.`id_siswa`
JOIN `ekskul` ON `ekskul`.`id_ekskul` = `pe`.`id_ekskul`', 0)
 2 SYSTEMPATH\Database\BaseConnection.php(729): CodeIgniter\Database\MySQLi\Connection->execute('SELECT `pe`.*, `siswa`.`nama_siswa`, `ekskul`.`nama_ekskul`
FROM `pendaftaran_ekskul` `pe`
JOIN `siswa` ON `siswa`.`id_siswa` = `pe`.`id_siswa`
JOIN `ekskul` ON `ekskul`.`id_ekskul` = `pe`.`id_ekskul`')
 3 SYSTEMPATH\Database\BaseConnection.php(646): CodeIgniter\Database\BaseConnection->simpleQuery('SELECT `pe`.*, `siswa`.`nama_siswa`, `ekskul`.`nama_ekskul`
FROM `pendaftaran_ekskul` `pe`
JOIN `siswa` ON `siswa`.`id_siswa` = `pe`.`id_siswa`
JOIN `ekskul` ON `ekskul`.`id_ekskul` = `pe`.`id_ekskul`')
 4 SYSTEMPATH\Database\BaseBuilder.php(1649): CodeIgniter\Database\BaseConnection->query('SELECT `pe`.*, `siswa`.`nama_siswa`, `ekskul`.`nama_ekskul`
FROM `pendaftaran_ekskul` `pe`
JOIN `siswa` ON `siswa`.`id_siswa` = `pe`.`id_siswa`
JOIN `ekskul` ON `ekskul`.`id_ekskul` = `pe`.`id_ekskul`', [], false)
 5 APPPATH\Models\M_daftar.php(70): CodeIgniter\Database\BaseBuilder->get()
 6 APPPATH\Controllers\Absensi.php(51): App\Models\M_daftar->DaftarDataByRole('1', '1', 'ekskul')
 7 SYSTEMPATH\CodeIgniter.php(933): App\Controllers\Absensi->index()
 8 SYSTEMPATH\CodeIgniter.php(507): CodeIgniter\CodeIgniter->runController(Object(App\Controllers\Absensi))
 9 SYSTEMPATH\CodeIgniter.php(354): CodeIgniter\CodeIgniter->handleRequest(null, Object(Config\Cache), false)
10 SYSTEMPATH\Boot.php(363): CodeIgniter\CodeIgniter->run()
11 SYSTEMPATH\Boot.php(68): CodeIgniter\Boot::runCodeIgniter(Object(CodeIgniter\CodeIgniter))
12 FCPATH\index.php(59): CodeIgniter\Boot::bootWeb(Object(Config\Paths))
13 SYSTEMPATH\rewrite.php(44): require_once('C:\\Users\\User\\Documents\\Budi Susanto UKK\\pengaduan-ukk6\\public\\index.php')
ERROR - 2026-01-20 06:23:33 --> mysqli_sql_exception: Table 'bullying.ekskul' doesn't exist in C:\Users\User\Documents\Budi Susanto UKK\pengaduan-ukk6\system\Database\MySQLi\Connection.php:327
Stack trace:
#0 C:\Users\User\Documents\Budi Susanto UKK\pengaduan-ukk6\system\Database\MySQLi\Connection.php(327): mysqli->query('SELECT `ekskul`...', 0)
#1 C:\Users\User\Documents\Budi Susanto UKK\pengaduan-ukk6\system\Database\BaseConnection.php(729): CodeIgniter\Database\MySQLi\Connection->execute('SELECT `ekskul`...')
#2 C:\Users\User\Documents\Budi Susanto UKK\pengaduan-ukk6\system\Database\BaseConnection.php(646): CodeIgniter\Database\BaseConnection->simpleQuery('SELECT `ekskul`...')
#3 C:\Users\User\Documents\Budi Susanto UKK\pengaduan-ukk6\system\Database\BaseBuilder.php(1649): CodeIgniter\Database\BaseConnection->query('SELECT `ekskul`...', Array, false)
#4 C:\Users\User\Documents\Budi Susanto UKK\pengaduan-ukk6\app\Models\M_ekskul.php(27): CodeIgniter\Database\BaseBuilder->get()
#5 C:\Users\User\Documents\Budi Susanto UKK\pengaduan-ukk6\app\Controllers\Home.php(58): App\Models\M_ekskul->EkskulData()
#6 C:\Users\User\Documents\Budi Susanto UKK\pengaduan-ukk6\system\CodeIgniter.php(933): App\Controllers\Home->tampildata()
#7 C:\Users\User\Documents\Budi Susanto UKK\pengaduan-ukk6\system\CodeIgniter.php(507): CodeIgniter\CodeIgniter->runController(Object(App\Controllers\Home))
#8 C:\Users\User\Documents\Budi Susanto UKK\pengaduan-ukk6\system\CodeIgniter.php(354): CodeIgniter\CodeIgniter->handleRequest(NULL, Object(Config\Cache), false)
#9 C:\Users\User\Documents\Budi Susanto UKK\pengaduan-ukk6\system\Boot.php(363): CodeIgniter\CodeIgniter->run()
#10 C:\Users\User\Documents\Budi Susanto UKK\pengaduan-ukk6\system\Boot.php(68): CodeIgniter\Boot::runCodeIgniter(Object(CodeIgniter\CodeIgniter))
#11 C:\Users\User\Documents\Budi Susanto UKK\pengaduan-ukk6\public\index.php(59): CodeIgniter\Boot::bootWeb(Object(Config\Paths))
#12 C:\Users\User\Documents\Budi Susanto UKK\pengaduan-ukk6\system\rewrite.php(44): require_once('C:\\Users\\User\\D...')
#13 {main}
CRITICAL - 2026-01-20 06:23:33 --> CodeIgniter\Database\Exceptions\DatabaseException: Table 'bullying.ekskul' doesn't exist
[Method: GET, Route: tampildata]
in SYSTEMPATH\Database\BaseConnection.php on line 684.
 1 SYSTEMPATH\Database\BaseBuilder.php(1649): CodeIgniter\Database\BaseConnection->query('SELECT `ekskul`.*, `guru`.`nama_guru`
FROM `ekskul`
JOIN `guru` ON `guru`.`id_guru` = `ekskul`.`id_instruktur`', [], false)
 2 APPPATH\Models\M_ekskul.php(27): CodeIgniter\Database\BaseBuilder->get()
 3 APPPATH\Controllers\Home.php(58): App\Models\M_ekskul->EkskulData()
 4 SYSTEMPATH\CodeIgniter.php(933): App\Controllers\Home->tampildata()
 5 SYSTEMPATH\CodeIgniter.php(507): CodeIgniter\CodeIgniter->runController(Object(App\Controllers\Home))
 6 SYSTEMPATH\CodeIgniter.php(354): CodeIgniter\CodeIgniter->handleRequest(null, Object(Config\Cache), false)
 7 SYSTEMPATH\Boot.php(363): CodeIgniter\CodeIgniter->run()
 8 SYSTEMPATH\Boot.php(68): CodeIgniter\Boot::runCodeIgniter(Object(CodeIgniter\CodeIgniter))
 9 FCPATH\index.php(59): CodeIgniter\Boot::bootWeb(Object(Config\Paths))
10 SYSTEMPATH\rewrite.php(44): require_once('C:\\Users\\User\\Documents\\Budi Susanto UKK\\pengaduan-ukk6\\public\\index.php')
CRITICAL - 2026-01-20 06:23:33 --> [Caused by] CodeIgniter\Database\Exceptions\DatabaseException: Table 'bullying.ekskul' doesn't exist
in SYSTEMPATH\Database\MySQLi\Connection.php on line 332.
 1 SYSTEMPATH\Database\BaseConnection.php(729): CodeIgniter\Database\MySQLi\Connection->execute('SELECT `ekskul`.*, `guru`.`nama_guru`
FROM `ekskul`
JOIN `guru` ON `guru`.`id_guru` = `ekskul`.`id_instruktur`')
 2 SYSTEMPATH\Database\BaseConnection.php(646): CodeIgniter\Database\BaseConnection->simpleQuery('SELECT `ekskul`.*, `guru`.`nama_guru`
FROM `ekskul`
JOIN `guru` ON `guru`.`id_guru` = `ekskul`.`id_instruktur`')
 3 SYSTEMPATH\Database\BaseBuilder.php(1649): CodeIgniter\Database\BaseConnection->query('SELECT `ekskul`.*, `guru`.`nama_guru`
FROM `ekskul`
JOIN `guru` ON `guru`.`id_guru` = `ekskul`.`id_instruktur`', [], false)
 4 APPPATH\Models\M_ekskul.php(27): CodeIgniter\Database\BaseBuilder->get()
 5 APPPATH\Controllers\Home.php(58): App\Models\M_ekskul->EkskulData()
 6 SYSTEMPATH\CodeIgniter.php(933): App\Controllers\Home->tampildata()
 7 SYSTEMPATH\CodeIgniter.php(507): CodeIgniter\CodeIgniter->runController(Object(App\Controllers\Home))
 8 SYSTEMPATH\CodeIgniter.php(354): CodeIgniter\CodeIgniter->handleRequest(null, Object(Config\Cache), false)
 9 SYSTEMPATH\Boot.php(363): CodeIgniter\CodeIgniter->run()
10 SYSTEMPATH\Boot.php(68): CodeIgniter\Boot::runCodeIgniter(Object(CodeIgniter\CodeIgniter))
11 FCPATH\index.php(59): CodeIgniter\Boot::bootWeb(Object(Config\Paths))
12 SYSTEMPATH\rewrite.php(44): require_once('C:\\Users\\User\\Documents\\Budi Susanto UKK\\pengaduan-ukk6\\public\\index.php')
CRITICAL - 2026-01-20 06:23:33 --> [Caused by] mysqli_sql_exception: Table 'bullying.ekskul' doesn't exist
in SYSTEMPATH\Database\MySQLi\Connection.php on line 327.
 1 SYSTEMPATH\Database\MySQLi\Connection.php(327): mysqli->query('SELECT `ekskul`.*, `guru`.`nama_guru`
FROM `ekskul`
JOIN `guru` ON `guru`.`id_guru` = `ekskul`.`id_instruktur`', 0)
 2 SYSTEMPATH\Database\BaseConnection.php(729): CodeIgniter\Database\MySQLi\Connection->execute('SELECT `ekskul`.*, `guru`.`nama_guru`
FROM `ekskul`
JOIN `guru` ON `guru`.`id_guru` = `ekskul`.`id_instruktur`')
 3 SYSTEMPATH\Database\BaseConnection.php(646): CodeIgniter\Database\BaseConnection->simpleQuery('SELECT `ekskul`.*, `guru`.`nama_guru`
FROM `ekskul`
JOIN `guru` ON `guru`.`id_guru` = `ekskul`.`id_instruktur`')
 4 SYSTEMPATH\Database\BaseBuilder.php(1649): CodeIgniter\Database\BaseConnection->query('SELECT `ekskul`.*, `guru`.`nama_guru`
FROM `ekskul`
JOIN `guru` ON `guru`.`id_guru` = `ekskul`.`id_instruktur`', [], false)
 5 APPPATH\Models\M_ekskul.php(27): CodeIgniter\Database\BaseBuilder->get()
 6 APPPATH\Controllers\Home.php(58): App\Models\M_ekskul->EkskulData()
 7 SYSTEMPATH\CodeIgniter.php(933): App\Controllers\Home->tampildata()
 8 SYSTEMPATH\CodeIgniter.php(507): CodeIgniter\CodeIgniter->runController(Object(App\Controllers\Home))
 9 SYSTEMPATH\CodeIgniter.php(354): CodeIgniter\CodeIgniter->handleRequest(null, Object(Config\Cache), false)
10 SYSTEMPATH\Boot.php(363): CodeIgniter\CodeIgniter->run()
11 SYSTEMPATH\Boot.php(68): CodeIgniter\Boot::runCodeIgniter(Object(CodeIgniter\CodeIgniter))
12 FCPATH\index.php(59): CodeIgniter\Boot::bootWeb(Object(Config\Paths))
13 SYSTEMPATH\rewrite.php(44): require_once('C:\\Users\\User\\Documents\\Budi Susanto UKK\\pengaduan-ukk6\\public\\index.php')
ERROR - 2026-01-20 06:23:55 --> mysqli_sql_exception: Table 'bullying.ekskul' doesn't exist in C:\Users\User\Documents\Budi Susanto UKK\pengaduan-ukk6\system\Database\MySQLi\Connection.php:327
Stack trace:
#0 C:\Users\User\Documents\Budi Susanto UKK\pengaduan-ukk6\system\Database\MySQLi\Connection.php(327): mysqli->query('SELECT `ekskul`...', 0)
#1 C:\Users\User\Documents\Budi Susanto UKK\pengaduan-ukk6\system\Database\BaseConnection.php(729): CodeIgniter\Database\MySQLi\Connection->execute('SELECT `ekskul`...')
#2 C:\Users\User\Documents\Budi Susanto UKK\pengaduan-ukk6\system\Database\BaseConnection.php(646): CodeIgniter\Database\BaseConnection->simpleQuery('SELECT `ekskul`...')
#3 C:\Users\User\Documents\Budi Susanto UKK\pengaduan-ukk6\system\Database\BaseBuilder.php(1649): CodeIgniter\Database\BaseConnection->query('SELECT `ekskul`...', Array, false)
#4 C:\Users\User\Documents\Budi Susanto UKK\pengaduan-ukk6\app\Models\M_ekskul.php(27): CodeIgniter\Database\BaseBuilder->get()
#5 C:\Users\User\Documents\Budi Susanto UKK\pengaduan-ukk6\app\Controllers\Home.php(58): App\Models\M_ekskul->EkskulData()
#6 C:\Users\User\Documents\Budi Susanto UKK\pengaduan-ukk6\system\CodeIgniter.php(933): App\Controllers\Home->tampildata()
#7 C:\Users\User\Documents\Budi Susanto UKK\pengaduan-ukk6\system\CodeIgniter.php(507): CodeIgniter\CodeIgniter->runController(Object(App\Controllers\Home))
#8 C:\Users\User\Documents\Budi Susanto UKK\pengaduan-ukk6\system\CodeIgniter.php(354): CodeIgniter\CodeIgniter->handleRequest(NULL, Object(Config\Cache), false)
#9 C:\Users\User\Documents\Budi Susanto UKK\pengaduan-ukk6\system\Boot.php(363): CodeIgniter\CodeIgniter->run()
#10 C:\Users\User\Documents\Budi Susanto UKK\pengaduan-ukk6\system\Boot.php(68): CodeIgniter\Boot::runCodeIgniter(Object(CodeIgniter\CodeIgniter))
#11 C:\Users\User\Documents\Budi Susanto UKK\pengaduan-ukk6\public\index.php(59): CodeIgniter\Boot::bootWeb(Object(Config\Paths))
#12 C:\Users\User\Documents\Budi Susanto UKK\pengaduan-ukk6\system\rewrite.php(44): require_once('C:\\Users\\User\\D...')
#13 {main}
CRITICAL - 2026-01-20 06:23:55 --> CodeIgniter\Database\Exceptions\DatabaseException: Table 'bullying.ekskul' doesn't exist
[Method: GET, Route: tampildata]
in SYSTEMPATH\Database\BaseConnection.php on line 684.
 1 SYSTEMPATH\Database\BaseBuilder.php(1649): CodeIgniter\Database\BaseConnection->query('SELECT `ekskul`.*, `guru`.`nama_guru`
FROM `ekskul`
JOIN `guru` ON `guru`.`id_guru` = `ekskul`.`id_instruktur`', [], false)
 2 APPPATH\Models\M_ekskul.php(27): CodeIgniter\Database\BaseBuilder->get()
 3 APPPATH\Controllers\Home.php(58): App\Models\M_ekskul->EkskulData()
 4 SYSTEMPATH\CodeIgniter.php(933): App\Controllers\Home->tampildata()
 5 SYSTEMPATH\CodeIgniter.php(507): CodeIgniter\CodeIgniter->runController(Object(App\Controllers\Home))
 6 SYSTEMPATH\CodeIgniter.php(354): CodeIgniter\CodeIgniter->handleRequest(null, Object(Config\Cache), false)
 7 SYSTEMPATH\Boot.php(363): CodeIgniter\CodeIgniter->run()
 8 SYSTEMPATH\Boot.php(68): CodeIgniter\Boot::runCodeIgniter(Object(CodeIgniter\CodeIgniter))
 9 FCPATH\index.php(59): CodeIgniter\Boot::bootWeb(Object(Config\Paths))
10 SYSTEMPATH\rewrite.php(44): require_once('C:\\Users\\User\\Documents\\Budi Susanto UKK\\pengaduan-ukk6\\public\\index.php')
CRITICAL - 2026-01-20 06:23:55 --> [Caused by] CodeIgniter\Database\Exceptions\DatabaseException: Table 'bullying.ekskul' doesn't exist
in SYSTEMPATH\Database\MySQLi\Connection.php on line 332.
 1 SYSTEMPATH\Database\BaseConnection.php(729): CodeIgniter\Database\MySQLi\Connection->execute('SELECT `ekskul`.*, `guru`.`nama_guru`
FROM `ekskul`
JOIN `guru` ON `guru`.`id_guru` = `ekskul`.`id_instruktur`')
 2 SYSTEMPATH\Database\BaseConnection.php(646): CodeIgniter\Database\BaseConnection->simpleQuery('SELECT `ekskul`.*, `guru`.`nama_guru`
FROM `ekskul`
JOIN `guru` ON `guru`.`id_guru` = `ekskul`.`id_instruktur`')
 3 SYSTEMPATH\Database\BaseBuilder.php(1649): CodeIgniter\Database\BaseConnection->query('SELECT `ekskul`.*, `guru`.`nama_guru`
FROM `ekskul`
JOIN `guru` ON `guru`.`id_guru` = `ekskul`.`id_instruktur`', [], false)
 4 APPPATH\Models\M_ekskul.php(27): CodeIgniter\Database\BaseBuilder->get()
 5 APPPATH\Controllers\Home.php(58): App\Models\M_ekskul->EkskulData()
 6 SYSTEMPATH\CodeIgniter.php(933): App\Controllers\Home->tampildata()
 7 SYSTEMPATH\CodeIgniter.php(507): CodeIgniter\CodeIgniter->runController(Object(App\Controllers\Home))
 8 SYSTEMPATH\CodeIgniter.php(354): CodeIgniter\CodeIgniter->handleRequest(null, Object(Config\Cache), false)
 9 SYSTEMPATH\Boot.php(363): CodeIgniter\CodeIgniter->run()
10 SYSTEMPATH\Boot.php(68): CodeIgniter\Boot::runCodeIgniter(Object(CodeIgniter\CodeIgniter))
11 FCPATH\index.php(59): CodeIgniter\Boot::bootWeb(Object(Config\Paths))
12 SYSTEMPATH\rewrite.php(44): require_once('C:\\Users\\User\\Documents\\Budi Susanto UKK\\pengaduan-ukk6\\public\\index.php')
CRITICAL - 2026-01-20 06:23:55 --> [Caused by] mysqli_sql_exception: Table 'bullying.ekskul' doesn't exist
in SYSTEMPATH\Database\MySQLi\Connection.php on line 327.
 1 SYSTEMPATH\Database\MySQLi\Connection.php(327): mysqli->query('SELECT `ekskul`.*, `guru`.`nama_guru`
FROM `ekskul`
JOIN `guru` ON `guru`.`id_guru` = `ekskul`.`id_instruktur`', 0)
 2 SYSTEMPATH\Database\BaseConnection.php(729): CodeIgniter\Database\MySQLi\Connection->execute('SELECT `ekskul`.*, `guru`.`nama_guru`
FROM `ekskul`
JOIN `guru` ON `guru`.`id_guru` = `ekskul`.`id_instruktur`')
 3 SYSTEMPATH\Database\BaseConnection.php(646): CodeIgniter\Database\BaseConnection->simpleQuery('SELECT `ekskul`.*, `guru`.`nama_guru`
FROM `ekskul`
JOIN `guru` ON `guru`.`id_guru` = `ekskul`.`id_instruktur`')
 4 SYSTEMPATH\Database\BaseBuilder.php(1649): CodeIgniter\Database\BaseConnection->query('SELECT `ekskul`.*, `guru`.`nama_guru`
FROM `ekskul`
JOIN `guru` ON `guru`.`id_guru` = `ekskul`.`id_instruktur`', [], false)
 5 APPPATH\Models\M_ekskul.php(27): CodeIgniter\Database\BaseBuilder->get()
 6 APPPATH\Controllers\Home.php(58): App\Models\M_ekskul->EkskulData()
 7 SYSTEMPATH\CodeIgniter.php(933): App\Controllers\Home->tampildata()
 8 SYSTEMPATH\CodeIgniter.php(507): CodeIgniter\CodeIgniter->runController(Object(App\Controllers\Home))
 9 SYSTEMPATH\CodeIgniter.php(354): CodeIgniter\CodeIgniter->handleRequest(null, Object(Config\Cache), false)
10 SYSTEMPATH\Boot.php(363): CodeIgniter\CodeIgniter->run()
11 SYSTEMPATH\Boot.php(68): CodeIgniter\Boot::runCodeIgniter(Object(CodeIgniter\CodeIgniter))
12 FCPATH\index.php(59): CodeIgniter\Boot::bootWeb(Object(Config\Paths))
13 SYSTEMPATH\rewrite.php(44): require_once('C:\\Users\\User\\Documents\\Budi Susanto UKK\\pengaduan-ukk6\\public\\index.php')
ERROR - 2026-01-20 06:23:57 --> mysqli_sql_exception: Table 'bullying.ekskul' doesn't exist in C:\Users\User\Documents\Budi Susanto UKK\pengaduan-ukk6\system\Database\MySQLi\Connection.php:327
Stack trace:
#0 C:\Users\User\Documents\Budi Susanto UKK\pengaduan-ukk6\system\Database\MySQLi\Connection.php(327): mysqli->query('SELECT `ekskul`...', 0)
#1 C:\Users\User\Documents\Budi Susanto UKK\pengaduan-ukk6\system\Database\BaseConnection.php(729): CodeIgniter\Database\MySQLi\Connection->execute('SELECT `ekskul`...')
#2 C:\Users\User\Documents\Budi Susanto UKK\pengaduan-ukk6\system\Database\BaseConnection.php(646): CodeIgniter\Database\BaseConnection->simpleQuery('SELECT `ekskul`...')
#3 C:\Users\User\Documents\Budi Susanto UKK\pengaduan-ukk6\system\Database\BaseBuilder.php(1649): CodeIgniter\Database\BaseConnection->query('SELECT `ekskul`...', Array, false)
#4 C:\Users\User\Documents\Budi Susanto UKK\pengaduan-ukk6\app\Models\M_ekskul.php(27): CodeIgniter\Database\BaseBuilder->get()
#5 C:\Users\User\Documents\Budi Susanto UKK\pengaduan-ukk6\app\Controllers\Home.php(58): App\Models\M_ekskul->EkskulData()
#6 C:\Users\User\Documents\Budi Susanto UKK\pengaduan-ukk6\system\CodeIgniter.php(933): App\Controllers\Home->tampildata()
#7 C:\Users\User\Documents\Budi Susanto UKK\pengaduan-ukk6\system\CodeIgniter.php(507): CodeIgniter\CodeIgniter->runController(Object(App\Controllers\Home))
#8 C:\Users\User\Documents\Budi Susanto UKK\pengaduan-ukk6\system\CodeIgniter.php(354): CodeIgniter\CodeIgniter->handleRequest(NULL, Object(Config\Cache), false)
#9 C:\Users\User\Documents\Budi Susanto UKK\pengaduan-ukk6\system\Boot.php(363): CodeIgniter\CodeIgniter->run()
#10 C:\Users\User\Documents\Budi Susanto UKK\pengaduan-ukk6\system\Boot.php(68): CodeIgniter\Boot::runCodeIgniter(Object(CodeIgniter\CodeIgniter))
#11 C:\Users\User\Documents\Budi Susanto UKK\pengaduan-ukk6\public\index.php(59): CodeIgniter\Boot::bootWeb(Object(Config\Paths))
#12 C:\Users\User\Documents\Budi Susanto UKK\pengaduan-ukk6\system\rewrite.php(44): require_once('C:\\Users\\User\\D...')
#13 {main}
CRITICAL - 2026-01-20 06:23:57 --> CodeIgniter\Database\Exceptions\DatabaseException: Table 'bullying.ekskul' doesn't exist
[Method: GET, Route: tampildata]
in SYSTEMPATH\Database\BaseConnection.php on line 684.
 1 SYSTEMPATH\Database\BaseBuilder.php(1649): CodeIgniter\Database\BaseConnection->query('SELECT `ekskul`.*, `guru`.`nama_guru`
FROM `ekskul`
JOIN `guru` ON `guru`.`id_guru` = `ekskul`.`id_instruktur`', [], false)
 2 APPPATH\Models\M_ekskul.php(27): CodeIgniter\Database\BaseBuilder->get()
 3 APPPATH\Controllers\Home.php(58): App\Models\M_ekskul->EkskulData()
 4 SYSTEMPATH\CodeIgniter.php(933): App\Controllers\Home->tampildata()
 5 SYSTEMPATH\CodeIgniter.php(507): CodeIgniter\CodeIgniter->runController(Object(App\Controllers\Home))
 6 SYSTEMPATH\CodeIgniter.php(354): CodeIgniter\CodeIgniter->handleRequest(null, Object(Config\Cache), false)
 7 SYSTEMPATH\Boot.php(363): CodeIgniter\CodeIgniter->run()
 8 SYSTEMPATH\Boot.php(68): CodeIgniter\Boot::runCodeIgniter(Object(CodeIgniter\CodeIgniter))
 9 FCPATH\index.php(59): CodeIgniter\Boot::bootWeb(Object(Config\Paths))
10 SYSTEMPATH\rewrite.php(44): require_once('C:\\Users\\User\\Documents\\Budi Susanto UKK\\pengaduan-ukk6\\public\\index.php')
CRITICAL - 2026-01-20 06:23:57 --> [Caused by] CodeIgniter\Database\Exceptions\DatabaseException: Table 'bullying.ekskul' doesn't exist
in SYSTEMPATH\Database\MySQLi\Connection.php on line 332.
 1 SYSTEMPATH\Database\BaseConnection.php(729): CodeIgniter\Database\MySQLi\Connection->execute('SELECT `ekskul`.*, `guru`.`nama_guru`
FROM `ekskul`
JOIN `guru` ON `guru`.`id_guru` = `ekskul`.`id_instruktur`')
 2 SYSTEMPATH\Database\BaseConnection.php(646): CodeIgniter\Database\BaseConnection->simpleQuery('SELECT `ekskul`.*, `guru`.`nama_guru`
FROM `ekskul`
JOIN `guru` ON `guru`.`id_guru` = `ekskul`.`id_instruktur`')
 3 SYSTEMPATH\Database\BaseBuilder.php(1649): CodeIgniter\Database\BaseConnection->query('SELECT `ekskul`.*, `guru`.`nama_guru`
FROM `ekskul`
JOIN `guru` ON `guru`.`id_guru` = `ekskul`.`id_instruktur`', [], false)
 4 APPPATH\Models\M_ekskul.php(27): CodeIgniter\Database\BaseBuilder->get()
 5 APPPATH\Controllers\Home.php(58): App\Models\M_ekskul->EkskulData()
 6 SYSTEMPATH\CodeIgniter.php(933): App\Controllers\Home->tampildata()
 7 SYSTEMPATH\CodeIgniter.php(507): CodeIgniter\CodeIgniter->runController(Object(App\Controllers\Home))
 8 SYSTEMPATH\CodeIgniter.php(354): CodeIgniter\CodeIgniter->handleRequest(null, Object(Config\Cache), false)
 9 SYSTEMPATH\Boot.php(363): CodeIgniter\CodeIgniter->run()
10 SYSTEMPATH\Boot.php(68): CodeIgniter\Boot::runCodeIgniter(Object(CodeIgniter\CodeIgniter))
11 FCPATH\index.php(59): CodeIgniter\Boot::bootWeb(Object(Config\Paths))
12 SYSTEMPATH\rewrite.php(44): require_once('C:\\Users\\User\\Documents\\Budi Susanto UKK\\pengaduan-ukk6\\public\\index.php')
CRITICAL - 2026-01-20 06:23:57 --> [Caused by] mysqli_sql_exception: Table 'bullying.ekskul' doesn't exist
in SYSTEMPATH\Database\MySQLi\Connection.php on line 327.
 1 SYSTEMPATH\Database\MySQLi\Connection.php(327): mysqli->query('SELECT `ekskul`.*, `guru`.`nama_guru`
FROM `ekskul`
JOIN `guru` ON `guru`.`id_guru` = `ekskul`.`id_instruktur`', 0)
 2 SYSTEMPATH\Database\BaseConnection.php(729): CodeIgniter\Database\MySQLi\Connection->execute('SELECT `ekskul`.*, `guru`.`nama_guru`
FROM `ekskul`
JOIN `guru` ON `guru`.`id_guru` = `ekskul`.`id_instruktur`')
 3 SYSTEMPATH\Database\BaseConnection.php(646): CodeIgniter\Database\BaseConnection->simpleQuery('SELECT `ekskul`.*, `guru`.`nama_guru`
FROM `ekskul`
JOIN `guru` ON `guru`.`id_guru` = `ekskul`.`id_instruktur`')
 4 SYSTEMPATH\Database\BaseBuilder.php(1649): CodeIgniter\Database\BaseConnection->query('SELECT `ekskul`.*, `guru`.`nama_guru`
FROM `ekskul`
JOIN `guru` ON `guru`.`id_guru` = `ekskul`.`id_instruktur`', [], false)
 5 APPPATH\Models\M_ekskul.php(27): CodeIgniter\Database\BaseBuilder->get()
 6 APPPATH\Controllers\Home.php(58): App\Models\M_ekskul->EkskulData()
 7 SYSTEMPATH\CodeIgniter.php(933): App\Controllers\Home->tampildata()
 8 SYSTEMPATH\CodeIgniter.php(507): CodeIgniter\CodeIgniter->runController(Object(App\Controllers\Home))
 9 SYSTEMPATH\CodeIgniter.php(354): CodeIgniter\CodeIgniter->handleRequest(null, Object(Config\Cache), false)
10 SYSTEMPATH\Boot.php(363): CodeIgniter\CodeIgniter->run()
11 SYSTEMPATH\Boot.php(68): CodeIgniter\Boot::runCodeIgniter(Object(CodeIgniter\CodeIgniter))
12 FCPATH\index.php(59): CodeIgniter\Boot::bootWeb(Object(Config\Paths))
13 SYSTEMPATH\rewrite.php(44): require_once('C:\\Users\\User\\Documents\\Budi Susanto UKK\\pengaduan-ukk6\\public\\index.php')
ERROR - 2026-01-20 06:23:58 --> mysqli_sql_exception: Table 'bullying.ekskul' doesn't exist in C:\Users\User\Documents\Budi Susanto UKK\pengaduan-ukk6\system\Database\MySQLi\Connection.php:327
Stack trace:
#0 C:\Users\User\Documents\Budi Susanto UKK\pengaduan-ukk6\system\Database\MySQLi\Connection.php(327): mysqli->query('SELECT `ekskul`...', 0)
#1 C:\Users\User\Documents\Budi Susanto UKK\pengaduan-ukk6\system\Database\BaseConnection.php(729): CodeIgniter\Database\MySQLi\Connection->execute('SELECT `ekskul`...')
#2 C:\Users\User\Documents\Budi Susanto UKK\pengaduan-ukk6\system\Database\BaseConnection.php(646): CodeIgniter\Database\BaseConnection->simpleQuery('SELECT `ekskul`...')
#3 C:\Users\User\Documents\Budi Susanto UKK\pengaduan-ukk6\system\Database\BaseBuilder.php(1649): CodeIgniter\Database\BaseConnection->query('SELECT `ekskul`...', Array, false)
#4 C:\Users\User\Documents\Budi Susanto UKK\pengaduan-ukk6\app\Models\M_ekskul.php(27): CodeIgniter\Database\BaseBuilder->get()
#5 C:\Users\User\Documents\Budi Susanto UKK\pengaduan-ukk6\app\Controllers\Home.php(58): App\Models\M_ekskul->EkskulData()
#6 C:\Users\User\Documents\Budi Susanto UKK\pengaduan-ukk6\system\CodeIgniter.php(933): App\Controllers\Home->tampildata()
#7 C:\Users\User\Documents\Budi Susanto UKK\pengaduan-ukk6\system\CodeIgniter.php(507): CodeIgniter\CodeIgniter->runController(Object(App\Controllers\Home))
#8 C:\Users\User\Documents\Budi Susanto UKK\pengaduan-ukk6\system\CodeIgniter.php(354): CodeIgniter\CodeIgniter->handleRequest(NULL, Object(Config\Cache), false)
#9 C:\Users\User\Documents\Budi Susanto UKK\pengaduan-ukk6\system\Boot.php(363): CodeIgniter\CodeIgniter->run()
#10 C:\Users\User\Documents\Budi Susanto UKK\pengaduan-ukk6\system\Boot.php(68): CodeIgniter\Boot::runCodeIgniter(Object(CodeIgniter\CodeIgniter))
#11 C:\Users\User\Documents\Budi Susanto UKK\pengaduan-ukk6\public\index.php(59): CodeIgniter\Boot::bootWeb(Object(Config\Paths))
#12 C:\Users\User\Documents\Budi Susanto UKK\pengaduan-ukk6\system\rewrite.php(44): require_once('C:\\Users\\User\\D...')
#13 {main}
CRITICAL - 2026-01-20 06:23:58 --> CodeIgniter\Database\Exceptions\DatabaseException: Table 'bullying.ekskul' doesn't exist
[Method: GET, Route: tampildata]
in SYSTEMPATH\Database\BaseConnection.php on line 684.
 1 SYSTEMPATH\Database\BaseBuilder.php(1649): CodeIgniter\Database\BaseConnection->query('SELECT `ekskul`.*, `guru`.`nama_guru`
FROM `ekskul`
JOIN `guru` ON `guru`.`id_guru` = `ekskul`.`id_instruktur`', [], false)
 2 APPPATH\Models\M_ekskul.php(27): CodeIgniter\Database\BaseBuilder->get()
 3 APPPATH\Controllers\Home.php(58): App\Models\M_ekskul->EkskulData()
 4 SYSTEMPATH\CodeIgniter.php(933): App\Controllers\Home->tampildata()
 5 SYSTEMPATH\CodeIgniter.php(507): CodeIgniter\CodeIgniter->runController(Object(App\Controllers\Home))
 6 SYSTEMPATH\CodeIgniter.php(354): CodeIgniter\CodeIgniter->handleRequest(null, Object(Config\Cache), false)
 7 SYSTEMPATH\Boot.php(363): CodeIgniter\CodeIgniter->run()
 8 SYSTEMPATH\Boot.php(68): CodeIgniter\Boot::runCodeIgniter(Object(CodeIgniter\CodeIgniter))
 9 FCPATH\index.php(59): CodeIgniter\Boot::bootWeb(Object(Config\Paths))
10 SYSTEMPATH\rewrite.php(44): require_once('C:\\Users\\User\\Documents\\Budi Susanto UKK\\pengaduan-ukk6\\public\\index.php')
CRITICAL - 2026-01-20 06:23:58 --> [Caused by] CodeIgniter\Database\Exceptions\DatabaseException: Table 'bullying.ekskul' doesn't exist
in SYSTEMPATH\Database\MySQLi\Connection.php on line 332.
 1 SYSTEMPATH\Database\BaseConnection.php(729): CodeIgniter\Database\MySQLi\Connection->execute('SELECT `ekskul`.*, `guru`.`nama_guru`
FROM `ekskul`
JOIN `guru` ON `guru`.`id_guru` = `ekskul`.`id_instruktur`')
 2 SYSTEMPATH\Database\BaseConnection.php(646): CodeIgniter\Database\BaseConnection->simpleQuery('SELECT `ekskul`.*, `guru`.`nama_guru`
FROM `ekskul`
JOIN `guru` ON `guru`.`id_guru` = `ekskul`.`id_instruktur`')
 3 SYSTEMPATH\Database\BaseBuilder.php(1649): CodeIgniter\Database\BaseConnection->query('SELECT `ekskul`.*, `guru`.`nama_guru`
FROM `ekskul`
JOIN `guru` ON `guru`.`id_guru` = `ekskul`.`id_instruktur`', [], false)
 4 APPPATH\Models\M_ekskul.php(27): CodeIgniter\Database\BaseBuilder->get()
 5 APPPATH\Controllers\Home.php(58): App\Models\M_ekskul->EkskulData()
 6 SYSTEMPATH\CodeIgniter.php(933): App\Controllers\Home->tampildata()
 7 SYSTEMPATH\CodeIgniter.php(507): CodeIgniter\CodeIgniter->runController(Object(App\Controllers\Home))
 8 SYSTEMPATH\CodeIgniter.php(354): CodeIgniter\CodeIgniter->handleRequest(null, Object(Config\Cache), false)
 9 SYSTEMPATH\Boot.php(363): CodeIgniter\CodeIgniter->run()
10 SYSTEMPATH\Boot.php(68): CodeIgniter\Boot::runCodeIgniter(Object(CodeIgniter\CodeIgniter))
11 FCPATH\index.php(59): CodeIgniter\Boot::bootWeb(Object(Config\Paths))
12 SYSTEMPATH\rewrite.php(44): require_once('C:\\Users\\User\\Documents\\Budi Susanto UKK\\pengaduan-ukk6\\public\\index.php')
CRITICAL - 2026-01-20 06:23:58 --> [Caused by] mysqli_sql_exception: Table 'bullying.ekskul' doesn't exist
in SYSTEMPATH\Database\MySQLi\Connection.php on line 327.
 1 SYSTEMPATH\Database\MySQLi\Connection.php(327): mysqli->query('SELECT `ekskul`.*, `guru`.`nama_guru`
FROM `ekskul`
JOIN `guru` ON `guru`.`id_guru` = `ekskul`.`id_instruktur`', 0)
 2 SYSTEMPATH\Database\BaseConnection.php(729): CodeIgniter\Database\MySQLi\Connection->execute('SELECT `ekskul`.*, `guru`.`nama_guru`
FROM `ekskul`
JOIN `guru` ON `guru`.`id_guru` = `ekskul`.`id_instruktur`')
 3 SYSTEMPATH\Database\BaseConnection.php(646): CodeIgniter\Database\BaseConnection->simpleQuery('SELECT `ekskul`.*, `guru`.`nama_guru`
FROM `ekskul`
JOIN `guru` ON `guru`.`id_guru` = `ekskul`.`id_instruktur`')
 4 SYSTEMPATH\Database\BaseBuilder.php(1649): CodeIgniter\Database\BaseConnection->query('SELECT `ekskul`.*, `guru`.`nama_guru`
FROM `ekskul`
JOIN `guru` ON `guru`.`id_guru` = `ekskul`.`id_instruktur`', [], false)
 5 APPPATH\Models\M_ekskul.php(27): CodeIgniter\Database\BaseBuilder->get()
 6 APPPATH\Controllers\Home.php(58): App\Models\M_ekskul->EkskulData()
 7 SYSTEMPATH\CodeIgniter.php(933): App\Controllers\Home->tampildata()
 8 SYSTEMPATH\CodeIgniter.php(507): CodeIgniter\CodeIgniter->runController(Object(App\Controllers\Home))
 9 SYSTEMPATH\CodeIgniter.php(354): CodeIgniter\CodeIgniter->handleRequest(null, Object(Config\Cache), false)
10 SYSTEMPATH\Boot.php(363): CodeIgniter\CodeIgniter->run()
11 SYSTEMPATH\Boot.php(68): CodeIgniter\Boot::runCodeIgniter(Object(CodeIgniter\CodeIgniter))
12 FCPATH\index.php(59): CodeIgniter\Boot::bootWeb(Object(Config\Paths))
13 SYSTEMPATH\rewrite.php(44): require_once('C:\\Users\\User\\Documents\\Budi Susanto UKK\\pengaduan-ukk6\\public\\index.php')
CRITICAL - 2026-01-20 06:25:58 --> ErrorException: Undefined property: stdClass::$jabatan
[Method: GET, Route: tampildata]
in APPPATH\Views\tampildata.php on line 534.
 1 APPPATH\Views\tampildata.php(534): CodeIgniter\Debug\Exceptions->errorHandler(2, 'Undefined property: stdClass::$jabatan', 'C:\\Users\\User\\Documents\\Budi Susanto UKK\\pengaduan-ukk6\\app\\Views\\tampildata.php', 534)
 2 SYSTEMPATH\View\View.php(226): include('C:\\Users\\User\\Documents\\Budi Susanto UKK\\pengaduan-ukk6\\app\\Views\\tampildata.php')
 3 SYSTEMPATH\View\View.php(229): CodeIgniter\View\View->CodeIgniter\View\{closure}()
 4 SYSTEMPATH\Common.php(1199): CodeIgniter\View\View->render('tampildata', [], true)
 5 APPPATH\Controllers\Home.php(61): view('tampildata', [...])
 6 SYSTEMPATH\CodeIgniter.php(933): App\Controllers\Home->tampildata()
 7 SYSTEMPATH\CodeIgniter.php(507): CodeIgniter\CodeIgniter->runController(Object(App\Controllers\Home))
 8 SYSTEMPATH\CodeIgniter.php(354): CodeIgniter\CodeIgniter->handleRequest(null, Object(Config\Cache), false)
 9 SYSTEMPATH\Boot.php(363): CodeIgniter\CodeIgniter->run()
10 SYSTEMPATH\Boot.php(68): CodeIgniter\Boot::runCodeIgniter(Object(CodeIgniter\CodeIgniter))
11 FCPATH\index.php(59): CodeIgniter\Boot::bootWeb(Object(Config\Paths))
12 SYSTEMPATH\rewrite.php(44): require_once('C:\\Users\\User\\Documents\\Budi Susanto UKK\\pengaduan-ukk6\\public\\index.php')
CRITICAL - 2026-01-20 06:26:37 --> ErrorException: Undefined property: stdClass::$jabatan
[Method: GET, Route: tampildata]
in APPPATH\Views\tampildata.php on line 534.
 1 APPPATH\Views\tampildata.php(534): CodeIgniter\Debug\Exceptions->errorHandler(2, 'Undefined property: stdClass::$jabatan', 'C:\\Users\\User\\Documents\\Budi Susanto UKK\\pengaduan-ukk6\\app\\Views\\tampildata.php', 534)
 2 SYSTEMPATH\View\View.php(226): include('C:\\Users\\User\\Documents\\Budi Susanto UKK\\pengaduan-ukk6\\app\\Views\\tampildata.php')
 3 SYSTEMPATH\View\View.php(229): CodeIgniter\View\View->CodeIgniter\View\{closure}()
 4 SYSTEMPATH\Common.php(1199): CodeIgniter\View\View->render('tampildata', [], true)
 5 APPPATH\Controllers\Home.php(61): view('tampildata', [...])
 6 SYSTEMPATH\CodeIgniter.php(933): App\Controllers\Home->tampildata()
 7 SYSTEMPATH\CodeIgniter.php(507): CodeIgniter\CodeIgniter->runController(Object(App\Controllers\Home))
 8 SYSTEMPATH\CodeIgniter.php(354): CodeIgniter\CodeIgniter->handleRequest(null, Object(Config\Cache), false)
 9 SYSTEMPATH\Boot.php(363): CodeIgniter\CodeIgniter->run()
10 SYSTEMPATH\Boot.php(68): CodeIgniter\Boot::runCodeIgniter(Object(CodeIgniter\CodeIgniter))
11 FCPATH\index.php(59): CodeIgniter\Boot::bootWeb(Object(Config\Paths))
12 SYSTEMPATH\rewrite.php(44): require_once('C:\\Users\\User\\Documents\\Budi Susanto UKK\\pengaduan-ukk6\\public\\index.php')
CRITICAL - 2026-01-20 06:26:39 --> ErrorException: Undefined property: stdClass::$jabatan
[Method: GET, Route: tampildata]
in APPPATH\Views\tampildata.php on line 534.
 1 APPPATH\Views\tampildata.php(534): CodeIgniter\Debug\Exceptions->errorHandler(2, 'Undefined property: stdClass::$jabatan', 'C:\\Users\\User\\Documents\\Budi Susanto UKK\\pengaduan-ukk6\\app\\Views\\tampildata.php', 534)
 2 SYSTEMPATH\View\View.php(226): include('C:\\Users\\User\\Documents\\Budi Susanto UKK\\pengaduan-ukk6\\app\\Views\\tampildata.php')
 3 SYSTEMPATH\View\View.php(229): CodeIgniter\View\View->CodeIgniter\View\{closure}()
 4 SYSTEMPATH\Common.php(1199): CodeIgniter\View\View->render('tampildata', [], true)
 5 APPPATH\Controllers\Home.php(61): view('tampildata', [...])
 6 SYSTEMPATH\CodeIgniter.php(933): App\Controllers\Home->tampildata()
 7 SYSTEMPATH\CodeIgniter.php(507): CodeIgniter\CodeIgniter->runController(Object(App\Controllers\Home))
 8 SYSTEMPATH\CodeIgniter.php(354): CodeIgniter\CodeIgniter->handleRequest(null, Object(Config\Cache), false)
 9 SYSTEMPATH\Boot.php(363): CodeIgniter\CodeIgniter->run()
10 SYSTEMPATH\Boot.php(68): CodeIgniter\Boot::runCodeIgniter(Object(CodeIgniter\CodeIgniter))
11 FCPATH\index.php(59): CodeIgniter\Boot::bootWeb(Object(Config\Paths))
12 SYSTEMPATH\rewrite.php(44): require_once('C:\\Users\\User\\Documents\\Budi Susanto UKK\\pengaduan-ukk6\\public\\index.php')
CRITICAL - 2026-01-20 06:26:40 --> ErrorException: Undefined property: stdClass::$jabatan
[Method: GET, Route: tampildata]
in APPPATH\Views\tampildata.php on line 534.
 1 APPPATH\Views\tampildata.php(534): CodeIgniter\Debug\Exceptions->errorHandler(2, 'Undefined property: stdClass::$jabatan', 'C:\\Users\\User\\Documents\\Budi Susanto UKK\\pengaduan-ukk6\\app\\Views\\tampildata.php', 534)
 2 SYSTEMPATH\View\View.php(226): include('C:\\Users\\User\\Documents\\Budi Susanto UKK\\pengaduan-ukk6\\app\\Views\\tampildata.php')
 3 SYSTEMPATH\View\View.php(229): CodeIgniter\View\View->CodeIgniter\View\{closure}()
 4 SYSTEMPATH\Common.php(1199): CodeIgniter\View\View->render('tampildata', [], true)
 5 APPPATH\Controllers\Home.php(61): view('tampildata', [...])
 6 SYSTEMPATH\CodeIgniter.php(933): App\Controllers\Home->tampildata()
 7 SYSTEMPATH\CodeIgniter.php(507): CodeIgniter\CodeIgniter->runController(Object(App\Controllers\Home))
 8 SYSTEMPATH\CodeIgniter.php(354): CodeIgniter\CodeIgniter->handleRequest(null, Object(Config\Cache), false)
 9 SYSTEMPATH\Boot.php(363): CodeIgniter\CodeIgniter->run()
10 SYSTEMPATH\Boot.php(68): CodeIgniter\Boot::runCodeIgniter(Object(CodeIgniter\CodeIgniter))
11 FCPATH\index.php(59): CodeIgniter\Boot::bootWeb(Object(Config\Paths))
12 SYSTEMPATH\rewrite.php(44): require_once('C:\\Users\\User\\Documents\\Budi Susanto UKK\\pengaduan-ukk6\\public\\index.php')
CRITICAL - 2026-01-20 06:26:40 --> ErrorException: Undefined property: stdClass::$jabatan
[Method: GET, Route: tampildata]
in APPPATH\Views\tampildata.php on line 534.
 1 APPPATH\Views\tampildata.php(534): CodeIgniter\Debug\Exceptions->errorHandler(2, 'Undefined property: stdClass::$jabatan', 'C:\\Users\\User\\Documents\\Budi Susanto UKK\\pengaduan-ukk6\\app\\Views\\tampildata.php', 534)
 2 SYSTEMPATH\View\View.php(226): include('C:\\Users\\User\\Documents\\Budi Susanto UKK\\pengaduan-ukk6\\app\\Views\\tampildata.php')
 3 SYSTEMPATH\View\View.php(229): CodeIgniter\View\View->CodeIgniter\View\{closure}()
 4 SYSTEMPATH\Common.php(1199): CodeIgniter\View\View->render('tampildata', [], true)
 5 APPPATH\Controllers\Home.php(61): view('tampildata', [...])
 6 SYSTEMPATH\CodeIgniter.php(933): App\Controllers\Home->tampildata()
 7 SYSTEMPATH\CodeIgniter.php(507): CodeIgniter\CodeIgniter->runController(Object(App\Controllers\Home))
 8 SYSTEMPATH\CodeIgniter.php(354): CodeIgniter\CodeIgniter->handleRequest(null, Object(Config\Cache), false)
 9 SYSTEMPATH\Boot.php(363): CodeIgniter\CodeIgniter->run()
10 SYSTEMPATH\Boot.php(68): CodeIgniter\Boot::runCodeIgniter(Object(CodeIgniter\CodeIgniter))
11 FCPATH\index.php(59): CodeIgniter\Boot::bootWeb(Object(Config\Paths))
12 SYSTEMPATH\rewrite.php(44): require_once('C:\\Users\\User\\Documents\\Budi Susanto UKK\\pengaduan-ukk6\\public\\index.php')
CRITICAL - 2026-01-20 06:26:41 --> ErrorException: Undefined property: stdClass::$jabatan
[Method: GET, Route: tampildata]
in APPPATH\Views\tampildata.php on line 534.
 1 APPPATH\Views\tampildata.php(534): CodeIgniter\Debug\Exceptions->errorHandler(2, 'Undefined property: stdClass::$jabatan', 'C:\\Users\\User\\Documents\\Budi Susanto UKK\\pengaduan-ukk6\\app\\Views\\tampildata.php', 534)
 2 SYSTEMPATH\View\View.php(226): include('C:\\Users\\User\\Documents\\Budi Susanto UKK\\pengaduan-ukk6\\app\\Views\\tampildata.php')
 3 SYSTEMPATH\View\View.php(229): CodeIgniter\View\View->CodeIgniter\View\{closure}()
 4 SYSTEMPATH\Common.php(1199): CodeIgniter\View\View->render('tampildata', [], true)
 5 APPPATH\Controllers\Home.php(61): view('tampildata', [...])
 6 SYSTEMPATH\CodeIgniter.php(933): App\Controllers\Home->tampildata()
 7 SYSTEMPATH\CodeIgniter.php(507): CodeIgniter\CodeIgniter->runController(Object(App\Controllers\Home))
 8 SYSTEMPATH\CodeIgniter.php(354): CodeIgniter\CodeIgniter->handleRequest(null, Object(Config\Cache), false)
 9 SYSTEMPATH\Boot.php(363): CodeIgniter\CodeIgniter->run()
10 SYSTEMPATH\Boot.php(68): CodeIgniter\Boot::runCodeIgniter(Object(CodeIgniter\CodeIgniter))
11 FCPATH\index.php(59): CodeIgniter\Boot::bootWeb(Object(Config\Paths))
12 SYSTEMPATH\rewrite.php(44): require_once('C:\\Users\\User\\Documents\\Budi Susanto UKK\\pengaduan-ukk6\\public\\index.php')
CRITICAL - 2026-01-20 06:26:42 --> ErrorException: Undefined property: stdClass::$jabatan
[Method: GET, Route: tampildata]
in APPPATH\Views\tampildata.php on line 534.
 1 APPPATH\Views\tampildata.php(534): CodeIgniter\Debug\Exceptions->errorHandler(2, 'Undefined property: stdClass::$jabatan', 'C:\\Users\\User\\Documents\\Budi Susanto UKK\\pengaduan-ukk6\\app\\Views\\tampildata.php', 534)
 2 SYSTEMPATH\View\View.php(226): include('C:\\Users\\User\\Documents\\Budi Susanto UKK\\pengaduan-ukk6\\app\\Views\\tampildata.php')
 3 SYSTEMPATH\View\View.php(229): CodeIgniter\View\View->CodeIgniter\View\{closure}()
 4 SYSTEMPATH\Common.php(1199): CodeIgniter\View\View->render('tampildata', [], true)
 5 APPPATH\Controllers\Home.php(61): view('tampildata', [...])
 6 SYSTEMPATH\CodeIgniter.php(933): App\Controllers\Home->tampildata()
 7 SYSTEMPATH\CodeIgniter.php(507): CodeIgniter\CodeIgniter->runController(Object(App\Controllers\Home))
 8 SYSTEMPATH\CodeIgniter.php(354): CodeIgniter\CodeIgniter->handleRequest(null, Object(Config\Cache), false)
 9 SYSTEMPATH\Boot.php(363): CodeIgniter\CodeIgniter->run()
10 SYSTEMPATH\Boot.php(68): CodeIgniter\Boot::runCodeIgniter(Object(CodeIgniter\CodeIgniter))
11 FCPATH\index.php(59): CodeIgniter\Boot::bootWeb(Object(Config\Paths))
12 SYSTEMPATH\rewrite.php(44): require_once('C:\\Users\\User\\Documents\\Budi Susanto UKK\\pengaduan-ukk6\\public\\index.php')
CRITICAL - 2026-01-20 06:32:18 --> ErrorException: Undefined variable $jabatan
[Method: GET, Route: editguru/7]
in APPPATH\Views\eguru.php on line 68.
 1 APPPATH\Views\eguru.php(68): CodeIgniter\Debug\Exceptions->errorHandler(2, 'Undefined variable $jabatan', 'C:\\Users\\User\\Documents\\Budi Susanto UKK\\pengaduan-ukk6\\app\\Views\\eguru.php', 68)
 2 SYSTEMPATH\View\View.php(226): include('C:\\Users\\User\\Documents\\Budi Susanto UKK\\pengaduan-ukk6\\app\\Views\\eguru.php')
 3 SYSTEMPATH\View\View.php(229): CodeIgniter\View\View->CodeIgniter\View\{closure}()
 4 SYSTEMPATH\Common.php(1199): CodeIgniter\View\View->render('eguru', [], true)
 5 APPPATH\Controllers\Guru.php(59): view('eguru', [...])
 6 SYSTEMPATH\CodeIgniter.php(933): App\Controllers\Guru->editview('7')
 7 SYSTEMPATH\CodeIgniter.php(507): CodeIgniter\CodeIgniter->runController(Object(App\Controllers\Guru))
 8 SYSTEMPATH\CodeIgniter.php(354): CodeIgniter\CodeIgniter->handleRequest(null, Object(Config\Cache), false)
 9 SYSTEMPATH\Boot.php(363): CodeIgniter\CodeIgniter->run()
10 SYSTEMPATH\Boot.php(68): CodeIgniter\Boot::runCodeIgniter(Object(CodeIgniter\CodeIgniter))
11 FCPATH\index.php(59): CodeIgniter\Boot::bootWeb(Object(Config\Paths))
12 SYSTEMPATH\rewrite.php(44): require_once('C:\\Users\\User\\Documents\\Budi Susanto UKK\\pengaduan-ukk6\\public\\index.php')
CRITICAL - 2026-01-20 06:48:11 --> ErrorException: Undefined variable $jenis_bullying
[Method: GET, Route: tampildata]
in APPPATH\Views\tampildata.php on line 570.
 1 APPPATH\Views\tampildata.php(570): CodeIgniter\Debug\Exceptions->errorHandler(2, 'Undefined variable $jenis_bullying', 'C:\\Users\\User\\Documents\\Budi Susanto UKK\\pengaduan-ukk6\\app\\Views\\tampildata.php', 570)
 2 SYSTEMPATH\View\View.php(226): include('C:\\Users\\User\\Documents\\Budi Susanto UKK\\pengaduan-ukk6\\app\\Views\\tampildata.php')
 3 SYSTEMPATH\View\View.php(229): CodeIgniter\View\View->CodeIgniter\View\{closure}()
 4 SYSTEMPATH\Common.php(1199): CodeIgniter\View\View->render('tampildata', [], true)
 5 APPPATH\Controllers\Home.php(61): view('tampildata', [...])
 6 SYSTEMPATH\CodeIgniter.php(933): App\Controllers\Home->tampildata()
 7 SYSTEMPATH\CodeIgniter.php(507): CodeIgniter\CodeIgniter->runController(Object(App\Controllers\Home))
 8 SYSTEMPATH\CodeIgniter.php(354): CodeIgniter\CodeIgniter->handleRequest(null, Object(Config\Cache), false)
 9 SYSTEMPATH\Boot.php(363): CodeIgniter\CodeIgniter->run()
10 SYSTEMPATH\Boot.php(68): CodeIgniter\Boot::runCodeIgniter(Object(CodeIgniter\CodeIgniter))
11 FCPATH\index.php(59): CodeIgniter\Boot::bootWeb(Object(Config\Paths))
12 SYSTEMPATH\rewrite.php(44): require_once('C:\\Users\\User\\Documents\\Budi Susanto UKK\\pengaduan-ukk6\\public\\index.php')
CRITICAL - 2026-01-20 06:53:41 --> Error: Class "App\Controllers\M_jenis" not found
[Method: GET, Route: tampildata]
in APPPATH\Controllers\Home.php on line 32.
 1 SYSTEMPATH\CodeIgniter.php(903): App\Controllers\Home->__construct()
 2 SYSTEMPATH\CodeIgniter.php(498): CodeIgniter\CodeIgniter->createController()
 3 SYSTEMPATH\CodeIgniter.php(354): CodeIgniter\CodeIgniter->handleRequest(null, Object(Config\Cache), false)
 4 SYSTEMPATH\Boot.php(363): CodeIgniter\CodeIgniter->run()
 5 SYSTEMPATH\Boot.php(68): CodeIgniter\Boot::runCodeIgniter(Object(CodeIgniter\CodeIgniter))
 6 FCPATH\index.php(59): CodeIgniter\Boot::bootWeb(Object(Config\Paths))
 7 SYSTEMPATH\rewrite.php(44): require_once('C:\\Users\\User\\Documents\\Budi Susanto UKK\\pengaduan-ukk6\\public\\index.php')
CRITICAL - 2026-01-20 06:54:09 --> Error: Class "App\Controllers\M_jenis" not found
[Method: GET, Route: tampildata]
in APPPATH\Controllers\Home.php on line 32.
 1 SYSTEMPATH\CodeIgniter.php(903): App\Controllers\Home->__construct()
 2 SYSTEMPATH\CodeIgniter.php(498): CodeIgniter\CodeIgniter->createController()
 3 SYSTEMPATH\CodeIgniter.php(354): CodeIgniter\CodeIgniter->handleRequest(null, Object(Config\Cache), false)
 4 SYSTEMPATH\Boot.php(363): CodeIgniter\CodeIgniter->run()
 5 SYSTEMPATH\Boot.php(68): CodeIgniter\Boot::runCodeIgniter(Object(CodeIgniter\CodeIgniter))
 6 FCPATH\index.php(59): CodeIgniter\Boot::bootWeb(Object(Config\Paths))
 7 SYSTEMPATH\rewrite.php(44): require_once('C:\\Users\\User\\Documents\\Budi Susanto UKK\\pengaduan-ukk6\\public\\index.php')
CRITICAL - 2026-01-20 06:55:19 --> Error: Class "App\Controllers\M_jenis" not found
[Method: GET, Route: tampildata]
in APPPATH\Controllers\Home.php on line 32.
 1 SYSTEMPATH\CodeIgniter.php(903): App\Controllers\Home->__construct()
 2 SYSTEMPATH\CodeIgniter.php(498): CodeIgniter\CodeIgniter->createController()
 3 SYSTEMPATH\CodeIgniter.php(354): CodeIgniter\CodeIgniter->handleRequest(null, Object(Config\Cache), false)
 4 SYSTEMPATH\Boot.php(363): CodeIgniter\CodeIgniter->run()
 5 SYSTEMPATH\Boot.php(68): CodeIgniter\Boot::runCodeIgniter(Object(CodeIgniter\CodeIgniter))
 6 FCPATH\index.php(59): CodeIgniter\Boot::bootWeb(Object(Config\Paths))
 7 SYSTEMPATH\rewrite.php(44): require_once('C:\\Users\\User\\Documents\\Budi Susanto UKK\\pengaduan-ukk6\\public\\index.php')
CRITICAL - 2026-01-20 06:55:21 --> Error: Class "App\Controllers\M_jenis" not found
[Method: GET, Route: tampildata]
in APPPATH\Controllers\Home.php on line 32.
 1 SYSTEMPATH\CodeIgniter.php(903): App\Controllers\Home->__construct()
 2 SYSTEMPATH\CodeIgniter.php(498): CodeIgniter\CodeIgniter->createController()
 3 SYSTEMPATH\CodeIgniter.php(354): CodeIgniter\CodeIgniter->handleRequest(null, Object(Config\Cache), false)
 4 SYSTEMPATH\Boot.php(363): CodeIgniter\CodeIgniter->run()
 5 SYSTEMPATH\Boot.php(68): CodeIgniter\Boot::runCodeIgniter(Object(CodeIgniter\CodeIgniter))
 6 FCPATH\index.php(59): CodeIgniter\Boot::bootWeb(Object(Config\Paths))
 7 SYSTEMPATH\rewrite.php(44): require_once('C:\\Users\\User\\Documents\\Budi Susanto UKK\\pengaduan-ukk6\\public\\index.php')
CRITICAL - 2026-01-20 06:55:22 --> Error: Class "App\Controllers\M_jenis" not found
[Method: GET, Route: tampildata]
in APPPATH\Controllers\Home.php on line 32.
 1 SYSTEMPATH\CodeIgniter.php(903): App\Controllers\Home->__construct()
 2 SYSTEMPATH\CodeIgniter.php(498): CodeIgniter\CodeIgniter->createController()
 3 SYSTEMPATH\CodeIgniter.php(354): CodeIgniter\CodeIgniter->handleRequest(null, Object(Config\Cache), false)
 4 SYSTEMPATH\Boot.php(363): CodeIgniter\CodeIgniter->run()
 5 SYSTEMPATH\Boot.php(68): CodeIgniter\Boot::runCodeIgniter(Object(CodeIgniter\CodeIgniter))
 6 FCPATH\index.php(59): CodeIgniter\Boot::bootWeb(Object(Config\Paths))
 7 SYSTEMPATH\rewrite.php(44): require_once('C:\\Users\\User\\Documents\\Budi Susanto UKK\\pengaduan-ukk6\\public\\index.php')
CRITICAL - 2026-01-20 06:55:34 --> ErrorException: Undefined property: App\Controllers\Home::$mjeni
[Method: GET, Route: tampildata]
in APPPATH\Controllers\Home.php on line 60.
 1 APPPATH\Controllers\Home.php(60): CodeIgniter\Debug\Exceptions->errorHandler(2, 'Undefined property: App\\Controllers\\Home::$mjeni', 'C:\\Users\\User\\Documents\\Budi Susanto UKK\\pengaduan-ukk6\\app\\Controllers\\Home.php', 60)
 2 SYSTEMPATH\CodeIgniter.php(933): App\Controllers\Home->tampildata()
 3 SYSTEMPATH\CodeIgniter.php(507): CodeIgniter\CodeIgniter->runController(Object(App\Controllers\Home))
 4 SYSTEMPATH\CodeIgniter.php(354): CodeIgniter\CodeIgniter->handleRequest(null, Object(Config\Cache), false)
 5 SYSTEMPATH\Boot.php(363): CodeIgniter\CodeIgniter->run()
 6 SYSTEMPATH\Boot.php(68): CodeIgniter\Boot::runCodeIgniter(Object(CodeIgniter\CodeIgniter))
 7 FCPATH\index.php(59): CodeIgniter\Boot::bootWeb(Object(Config\Paths))
 8 SYSTEMPATH\rewrite.php(44): require_once('C:\\Users\\User\\Documents\\Budi Susanto UKK\\pengaduan-ukk6\\public\\index.php')
CRITICAL - 2026-01-20 06:55:54 --> ErrorException: Undefined property: App\Controllers\Home::$mjenis
[Method: GET, Route: tampildata]
in APPPATH\Controllers\Home.php on line 60.
 1 APPPATH\Controllers\Home.php(60): CodeIgniter\Debug\Exceptions->errorHandler(2, 'Undefined property: App\\Controllers\\Home::$mjenis', 'C:\\Users\\User\\Documents\\Budi Susanto UKK\\pengaduan-ukk6\\app\\Controllers\\Home.php', 60)
 2 SYSTEMPATH\CodeIgniter.php(933): App\Controllers\Home->tampildata()
 3 SYSTEMPATH\CodeIgniter.php(507): CodeIgniter\CodeIgniter->runController(Object(App\Controllers\Home))
 4 SYSTEMPATH\CodeIgniter.php(354): CodeIgniter\CodeIgniter->handleRequest(null, Object(Config\Cache), false)
 5 SYSTEMPATH\Boot.php(363): CodeIgniter\CodeIgniter->run()
 6 SYSTEMPATH\Boot.php(68): CodeIgniter\Boot::runCodeIgniter(Object(CodeIgniter\CodeIgniter))
 7 FCPATH\index.php(59): CodeIgniter\Boot::bootWeb(Object(Config\Paths))
 8 SYSTEMPATH\rewrite.php(44): require_once('C:\\Users\\User\\Documents\\Budi Susanto UKK\\pengaduan-ukk6\\public\\index.php')
